

Microchip MPLAB XC8 Assembler V2.10 build 88905656 
                                                                                               Wed Feb 19 23:30:35 2020

Microchip MPLAB XC8 C Compiler v2.10 (Free license) build 20190730164152 Og1 
     1                           	processor	16F887
     2                           	opt	pw 120
     3                           	opt	flic
     4                           	psect	idataBANK0,global,class=CODE,delta=2
     5                           	psect	cinit,global,class=CODE,merge=1,delta=2
     6                           	psect	bssCOMMON,global,class=COMMON,space=1,delta=1
     7                           	psect	bssBANK0,global,class=BANK0,space=1,delta=1
     8                           	psect	dataBANK0,global,class=BANK0,space=1,delta=1
     9                           	psect	cstackCOMMON,global,class=COMMON,space=1,delta=1
    10                           	psect	cstackBANK0,global,class=BANK0,space=1,delta=1
    11                           	psect	maintext,global,class=CODE,split=1,delta=2
    12                           	psect	text1,local,class=CODE,merge=1,delta=2
    13                           	psect	text2,local,class=CODE,merge=1,delta=2
    14                           	psect	text3,local,class=CODE,merge=1,delta=2
    15                           	psect	text4,local,class=CODE,merge=1,delta=2
    16                           	psect	intentry,global,class=CODE,delta=2
    17                           	psect	text5,local,class=CODE,merge=1,delta=2
    18                           	psect	text6,local,class=CODE,merge=1,delta=2
    19                           	psect	text7,local,class=CODE,merge=1,delta=2
    20                           	psect	text8,local,class=CODE,merge=1,delta=2
    21                           	dabs	1,0x7E,2
    22  0000                     
    23                           ; Version 2.10
    24                           ; Generated 31/07/2019 GMT
    25                           ; 
    26                           ; Copyright © 2019, Microchip Technology Inc. and its subsidiaries ("Microchip")
    27                           ; All rights reserved.
    28                           ; 
    29                           ; This software is developed by Microchip Technology Inc. and its subsidiaries ("Microch
      +                          ip").
    30                           ; 
    31                           ; Redistribution and use in source and binary forms, with or without modification, are
    32                           ; permitted provided that the following conditions are met:
    33                           ; 
    34                           ;     1. Redistributions of source code must retain the above copyright notice, this lis
      +                          t of
    35                           ;        conditions and the following disclaimer.
    36                           ; 
    37                           ;     2. Redistributions in binary form must reproduce the above copyright notice, this 
      +                          list
    38                           ;        of conditions and the following disclaimer in the documentation and/or other
    39                           ;        materials provided with the distribution.
    40                           ; 
    41                           ;     3. Microchip's name may not be used to endorse or promote products derived from th
      +                          is
    42                           ;        software without specific prior written permission.
    43                           ; 
    44                           ; THIS SOFTWARE IS PROVIDED BY MICROCHIP "AS IS" AND ANY EXPRESS OR IMPLIED WARRANTIES,
    45                           ; INCLUDING, BUT NOT LIMITED TO, THE IMPLIED WARRANTIES OF MERCHANTABILITY AND FITNESS F
      +                          OR
    46                           ; PURPOSE ARE DISCLAIMED.  IN NO EVENT SHALL MICROCHIP BE LIABLE FOR ANY DIRECT, INDIREC
      +                          T,
    47                           ; INCIDENTAL, SPECIAL, EXEMPLARY, OR CONSEQUENTIAL DAMAGES (INCLUDING BUT NOT LIMITED TO
    48                           ; PROCUREMENT OF SUBSTITUTE GOODS OR SERVICES; LOSS OF USE, DATA OR PROFITS; OR BUSINESS
    49                           ; INTERRUPTION) HOWSOEVER CAUSED AND ON ANY THEORY OF LIABILITY, WHETHER IN CONTRACT, ST
      +                          RICT
    50                           ; LIABILITY, OR TORT (INCLUDING NEGLIGENCE OR OTHERWISE) ARISING IN ANY WAY OUT OF THE U
      +                          SE OF
    51                           ; THIS SOFTWARE, EVEN IF ADVISED OF THE POSSIBILITY OF SUCH DAMAGE.
    52                           ; 
    53                           ; 
    54                           ; Code-generator required, PIC16F887 Definitions
    55                           ; 
    56                           ; SFR Addresses
    57  0000                     	;# 
    58  0001                     	;# 
    59  0002                     	;# 
    60  0003                     	;# 
    61  0004                     	;# 
    62  0005                     	;# 
    63  0006                     	;# 
    64  0007                     	;# 
    65  0008                     	;# 
    66  0009                     	;# 
    67  000A                     	;# 
    68  000B                     	;# 
    69  000C                     	;# 
    70  000D                     	;# 
    71  000E                     	;# 
    72  000E                     	;# 
    73  000F                     	;# 
    74  0010                     	;# 
    75  0011                     	;# 
    76  0012                     	;# 
    77  0013                     	;# 
    78  0014                     	;# 
    79  0015                     	;# 
    80  0015                     	;# 
    81  0016                     	;# 
    82  0017                     	;# 
    83  0018                     	;# 
    84  0019                     	;# 
    85  001A                     	;# 
    86  001B                     	;# 
    87  001B                     	;# 
    88  001C                     	;# 
    89  001D                     	;# 
    90  001E                     	;# 
    91  001F                     	;# 
    92  0081                     	;# 
    93  0085                     	;# 
    94  0086                     	;# 
    95  0087                     	;# 
    96  0088                     	;# 
    97  0089                     	;# 
    98  008C                     	;# 
    99  008D                     	;# 
   100  008E                     	;# 
   101  008F                     	;# 
   102  0090                     	;# 
   103  0091                     	;# 
   104  0092                     	;# 
   105  0093                     	;# 
   106  0093                     	;# 
   107  0093                     	;# 
   108  0094                     	;# 
   109  0095                     	;# 
   110  0096                     	;# 
   111  0097                     	;# 
   112  0098                     	;# 
   113  0099                     	;# 
   114  009A                     	;# 
   115  009B                     	;# 
   116  009C                     	;# 
   117  009D                     	;# 
   118  009E                     	;# 
   119  009F                     	;# 
   120  0105                     	;# 
   121  0107                     	;# 
   122  0108                     	;# 
   123  0109                     	;# 
   124  010C                     	;# 
   125  010C                     	;# 
   126  010D                     	;# 
   127  010E                     	;# 
   128  010F                     	;# 
   129  0185                     	;# 
   130  0187                     	;# 
   131  0188                     	;# 
   132  0189                     	;# 
   133  018C                     	;# 
   134  018D                     	;# 
   135  0000                     	;# 
   136  0001                     	;# 
   137  0002                     	;# 
   138  0003                     	;# 
   139  0004                     	;# 
   140  0005                     	;# 
   141  0006                     	;# 
   142  0007                     	;# 
   143  0008                     	;# 
   144  0009                     	;# 
   145  000A                     	;# 
   146  000B                     	;# 
   147  000C                     	;# 
   148  000D                     	;# 
   149  000E                     	;# 
   150  000E                     	;# 
   151  000F                     	;# 
   152  0010                     	;# 
   153  0011                     	;# 
   154  0012                     	;# 
   155  0013                     	;# 
   156  0014                     	;# 
   157  0015                     	;# 
   158  0015                     	;# 
   159  0016                     	;# 
   160  0017                     	;# 
   161  0018                     	;# 
   162  0019                     	;# 
   163  001A                     	;# 
   164  001B                     	;# 
   165  001B                     	;# 
   166  001C                     	;# 
   167  001D                     	;# 
   168  001E                     	;# 
   169  001F                     	;# 
   170  0081                     	;# 
   171  0085                     	;# 
   172  0086                     	;# 
   173  0087                     	;# 
   174  0088                     	;# 
   175  0089                     	;# 
   176  008C                     	;# 
   177  008D                     	;# 
   178  008E                     	;# 
   179  008F                     	;# 
   180  0090                     	;# 
   181  0091                     	;# 
   182  0092                     	;# 
   183  0093                     	;# 
   184  0093                     	;# 
   185  0093                     	;# 
   186  0094                     	;# 
   187  0095                     	;# 
   188  0096                     	;# 
   189  0097                     	;# 
   190  0098                     	;# 
   191  0099                     	;# 
   192  009A                     	;# 
   193  009B                     	;# 
   194  009C                     	;# 
   195  009D                     	;# 
   196  009E                     	;# 
   197  009F                     	;# 
   198  0105                     	;# 
   199  0107                     	;# 
   200  0108                     	;# 
   201  0109                     	;# 
   202  010C                     	;# 
   203  010C                     	;# 
   204  010D                     	;# 
   205  010E                     	;# 
   206  010F                     	;# 
   207  0185                     	;# 
   208  0187                     	;# 
   209  0188                     	;# 
   210  0189                     	;# 
   211  018C                     	;# 
   212  018D                     	;# 
   213  0000                     	;# 
   214  0001                     	;# 
   215  0002                     	;# 
   216  0003                     	;# 
   217  0004                     	;# 
   218  0005                     	;# 
   219  0006                     	;# 
   220  0007                     	;# 
   221  0008                     	;# 
   222  0009                     	;# 
   223  000A                     	;# 
   224  000B                     	;# 
   225  000C                     	;# 
   226  000D                     	;# 
   227  000E                     	;# 
   228  000E                     	;# 
   229  000F                     	;# 
   230  0010                     	;# 
   231  0011                     	;# 
   232  0012                     	;# 
   233  0013                     	;# 
   234  0014                     	;# 
   235  0015                     	;# 
   236  0015                     	;# 
   237  0016                     	;# 
   238  0017                     	;# 
   239  0018                     	;# 
   240  0019                     	;# 
   241  001A                     	;# 
   242  001B                     	;# 
   243  001B                     	;# 
   244  001C                     	;# 
   245  001D                     	;# 
   246  001E                     	;# 
   247  001F                     	;# 
   248  0081                     	;# 
   249  0085                     	;# 
   250  0086                     	;# 
   251  0087                     	;# 
   252  0088                     	;# 
   253  0089                     	;# 
   254  008C                     	;# 
   255  008D                     	;# 
   256  008E                     	;# 
   257  008F                     	;# 
   258  0090                     	;# 
   259  0091                     	;# 
   260  0092                     	;# 
   261  0093                     	;# 
   262  0093                     	;# 
   263  0093                     	;# 
   264  0094                     	;# 
   265  0095                     	;# 
   266  0096                     	;# 
   267  0097                     	;# 
   268  0098                     	;# 
   269  0099                     	;# 
   270  009A                     	;# 
   271  009B                     	;# 
   272  009C                     	;# 
   273  009D                     	;# 
   274  009E                     	;# 
   275  009F                     	;# 
   276  0105                     	;# 
   277  0107                     	;# 
   278  0108                     	;# 
   279  0109                     	;# 
   280  010C                     	;# 
   281  010C                     	;# 
   282  010D                     	;# 
   283  010E                     	;# 
   284  010F                     	;# 
   285  0185                     	;# 
   286  0187                     	;# 
   287  0188                     	;# 
   288  0189                     	;# 
   289  018C                     	;# 
   290  018D                     	;# 
   291  0000                     	;# 
   292  0001                     	;# 
   293  0002                     	;# 
   294  0003                     	;# 
   295  0004                     	;# 
   296  0005                     	;# 
   297  0006                     	;# 
   298  0007                     	;# 
   299  0008                     	;# 
   300  0009                     	;# 
   301  000A                     	;# 
   302  000B                     	;# 
   303  000C                     	;# 
   304  000D                     	;# 
   305  000E                     	;# 
   306  000E                     	;# 
   307  000F                     	;# 
   308  0010                     	;# 
   309  0011                     	;# 
   310  0012                     	;# 
   311  0013                     	;# 
   312  0014                     	;# 
   313  0015                     	;# 
   314  0015                     	;# 
   315  0016                     	;# 
   316  0017                     	;# 
   317  0018                     	;# 
   318  0019                     	;# 
   319  001A                     	;# 
   320  001B                     	;# 
   321  001B                     	;# 
   322  001C                     	;# 
   323  001D                     	;# 
   324  001E                     	;# 
   325  001F                     	;# 
   326  0081                     	;# 
   327  0085                     	;# 
   328  0086                     	;# 
   329  0087                     	;# 
   330  0088                     	;# 
   331  0089                     	;# 
   332  008C                     	;# 
   333  008D                     	;# 
   334  008E                     	;# 
   335  008F                     	;# 
   336  0090                     	;# 
   337  0091                     	;# 
   338  0092                     	;# 
   339  0093                     	;# 
   340  0093                     	;# 
   341  0093                     	;# 
   342  0094                     	;# 
   343  0095                     	;# 
   344  0096                     	;# 
   345  0097                     	;# 
   346  0098                     	;# 
   347  0099                     	;# 
   348  009A                     	;# 
   349  009B                     	;# 
   350  009C                     	;# 
   351  009D                     	;# 
   352  009E                     	;# 
   353  009F                     	;# 
   354  0105                     	;# 
   355  0107                     	;# 
   356  0108                     	;# 
   357  0109                     	;# 
   358  010C                     	;# 
   359  010C                     	;# 
   360  010D                     	;# 
   361  010E                     	;# 
   362  010F                     	;# 
   363  0185                     	;# 
   364  0187                     	;# 
   365  0188                     	;# 
   366  0189                     	;# 
   367  018C                     	;# 
   368  018D                     	;# 
   369                           
   370                           	psect	idataBANK0
   371  010C                     __pidataBANK0:	
   372                           
   373                           ;initializer for _ADC_Sel
   374  010C  3401               	retlw	1
   375  010D  3400               	retlw	0
   376  000C                     _PIR1bits	set	12
   377  001E                     _ADRESH	set	30
   378  0013                     _SSPBUF	set	19
   379  0014                     _SSPCON	set	20
   380  000B                     _INTCONbits	set	11
   381  001F                     _ADCON0bits	set	31
   382  0066                     _ADIF	set	102
   383  0063                     _SSPIF	set	99
   384  0085                     _TRISA	set	133
   385  0086                     _TRISB	set	134
   386  0094                     _SSPSTATbits	set	148
   387  0094                     _SSPSTAT	set	148
   388  008C                     _PIE1bits	set	140
   389  009F                     _ADCON1bits	set	159
   390  043B                     _TRISC3	set	1083
   391  043D                     _TRISC5	set	1085
   392  0189                     _ANSELH	set	393
   393  0188                     _ANSEL	set	392
   394                           
   395                           ; #config settings
   396  0000                     
   397                           	psect	cinit
   398  000F                     start_initialization:	
   399  000F                     __initialization:	
   400                           
   401                           ; Initialize objects allocated to BANK0
   402  000F  120A  118A  210C  120A  118A  	fcall	__pidataBANK0	;fetch initializer
   403  0014  00A6               	movwf	__pdataBANK0& (0+127)
   404  0015  120A  118A  210D  120A  118A  	fcall	__pidataBANK0+1	;fetch initializer
   405  001A  00A7               	movwf	(__pdataBANK0+1)& (0+127)
   406                           
   407                           ; Clear objects allocated to BANK0
   408  001B  01A4               	clrf	__pbssBANK0& (0+127)
   409  001C  01A5               	clrf	(__pbssBANK0+1)& (0+127)
   410                           
   411                           ; Clear objects allocated to COMMON
   412  001D  01F5               	clrf	__pbssCOMMON& (0+127)
   413  001E  01F6               	clrf	(__pbssCOMMON+1)& (0+127)
   414  001F  01F7               	clrf	(__pbssCOMMON+2)& (0+127)
   415  0020  01F8               	clrf	(__pbssCOMMON+3)& (0+127)
   416  0021                     end_of_initialization:	
   417                           ;End of C runtime variable initialization code
   418                           
   419  0021                     __end_of__initialization:	
   420  0021  0183               	clrf	3
   421  0022  120A  118A  28ED   	ljmp	_main	;jump to C main() function
   422                           
   423                           	psect	bssCOMMON
   424  0075                     __pbssCOMMON:	
   425  0075                     _b:	
   426  0075                     	ds	2
   427  0077                     _Pot_1:	
   428  0077                     	ds	2
   429                           
   430                           	psect	bssBANK0
   431  0024                     __pbssBANK0:	
   432  0024                     _Pot_2:	
   433  0024                     	ds	2
   434                           
   435                           	psect	dataBANK0
   436  0026                     __pdataBANK0:	
   437  0026                     _ADC_Sel:	
   438  0026                     	ds	2
   439                           
   440                           	psect	cstackCOMMON
   441  0070                     __pcstackCOMMON:	
   442  0070                     ?_Configuracion:	
   443  0070                     ?_Init_ADC:	
   444                           ; 1 bytes @ 0x0
   445                           
   446  0070                     ?_Canales_ADC:	
   447                           ; 1 bytes @ 0x0
   448                           
   449  0070                     ??_Canales_ADC:	
   450                           ; 1 bytes @ 0x0
   451                           
   452  0070                     ?_spiReceiveWait:	
   453                           ; 1 bytes @ 0x0
   454                           
   455  0070                     ??_spiReceiveWait:	
   456                           ; 1 bytes @ 0x0
   457                           
   458  0070                     ?_spiWrite:	
   459                           ; 1 bytes @ 0x0
   460                           
   461  0070                     ??_spiWrite:	
   462                           ; 1 bytes @ 0x0
   463                           
   464  0070                     ?_spiRead:	
   465                           ; 1 bytes @ 0x0
   466                           
   467  0070                     ??_spiRead:	
   468                           ; 1 bytes @ 0x0
   469                           
   470  0070                     ?_ISR:	
   471                           ; 1 bytes @ 0x0
   472                           
   473  0070                     ?_main:	
   474                           ; 1 bytes @ 0x0
   475                           
   476  0070                     Canales_ADC@Canal:	
   477                           ; 1 bytes @ 0x0
   478                           
   479  0070                     spiWrite@dat:	
   480                           ; 1 bytes @ 0x0
   481                           
   482                           
   483                           ; 1 bytes @ 0x0
   484  0070                     	ds	1
   485  0071                     ??_ISR:	
   486                           
   487                           ; 1 bytes @ 0x1
   488  0071                     	ds	4
   489  0075                     ??_Configuracion:	
   490  0075                     ??_Init_ADC:	
   491                           ; 1 bytes @ 0x5
   492                           
   493  0075                     ??_spiInit:	
   494                           ; 1 bytes @ 0x5
   495                           
   496  0075                     ??_main:	
   497                           ; 1 bytes @ 0x5
   498                           
   499                           
   500                           	psect	cstackBANK0
   501  0020                     __pcstackBANK0:	
   502                           ; 1 bytes @ 0x5
   503                           
   504  0020                     ?_spiInit:	
   505  0020                     spiInit@sDataSample:	
   506                           ; 1 bytes @ 0x0
   507                           
   508                           
   509                           ; 1 bytes @ 0x0
   510  0020                     	ds	1
   511  0021                     spiInit@sClockIdle:	
   512                           
   513                           ; 1 bytes @ 0x1
   514  0021                     	ds	1
   515  0022                     spiInit@sTransmitEdge:	
   516                           
   517                           ; 1 bytes @ 0x2
   518  0022                     	ds	1
   519  0023                     spiInit@sType:	
   520                           
   521                           ; 1 bytes @ 0x3
   522  0023                     	ds	1
   523                           
   524                           	psect	maintext
   525  00ED                     __pmaintext:	
   526 ;;
   527 ;;Main: autosize = 0, tempsize = 0, incstack = 0, save=0
   528 ;;
   529 ;; *************** function _main *****************
   530 ;; Defined at:
   531 ;;		line 68 in file "Laboratirio_4_SPI_Slave.c"
   532 ;; Parameters:    Size  Location     Type
   533 ;;		None
   534 ;; Auto vars:     Size  Location     Type
   535 ;;		None
   536 ;; Return value:  Size  Location     Type
   537 ;;                  1    wreg      void 
   538 ;; Registers used:
   539 ;;		wreg, status,2, status,0, pclath, cstack
   540 ;; Tracked objects:
   541 ;;		On entry : B00/0
   542 ;;		On exit  : 0/0
   543 ;;		Unchanged: 0/0
   544 ;; Data sizes:     COMMON   BANK0   BANK1   BANK3   BANK2
   545 ;;      Params:         0       0       0       0       0
   546 ;;      Locals:         0       0       0       0       0
   547 ;;      Temps:          0       0       0       0       0
   548 ;;      Totals:         0       0       0       0       0
   549 ;;Total ram usage:        0 bytes
   550 ;; Hardware stack levels required when called:    5
   551 ;; This function calls:
   552 ;;		_Configuracion
   553 ;; This function is called by:
   554 ;;		Startup code after reset
   555 ;; This function uses a non-reentrant model
   556 ;;
   557                           
   558                           
   559                           ;psect for function _main
   560  00ED                     _main:	
   561  00ED                     l901:	
   562                           ;incstack = 0
   563                           ; Regs used in _main: [wreg+status,2+status,0+pclath+cstack]
   564                           
   565                           
   566                           ;Laboratirio_4_SPI_Slave.c: 69:     Configuracion();
   567  00ED  120A  118A  2087  120A  118A  	fcall	_Configuracion
   568  00F2                     l111:	
   569                           ;Laboratirio_4_SPI_Slave.c: 70:     while(1){
   570                           
   571  00F2                     l112:	
   572                           ;Laboratirio_4_SPI_Slave.c: 72:     }
   573                           
   574  00F2  28F2               	goto	l111
   575  00F3  120A  118A  280C   	ljmp	start
   576  00F6                     __end_of_main:	
   577                           
   578                           	psect	text1
   579  0087                     __ptext1:	
   580 ;; *************** function _Configuracion *****************
   581 ;; Defined at:
   582 ;;		line 77 in file "Laboratirio_4_SPI_Slave.c"
   583 ;; Parameters:    Size  Location     Type
   584 ;;		None
   585 ;; Auto vars:     Size  Location     Type
   586 ;;		None
   587 ;; Return value:  Size  Location     Type
   588 ;;                  1    wreg      void 
   589 ;; Registers used:
   590 ;;		wreg, status,2, status,0, pclath, cstack
   591 ;; Tracked objects:
   592 ;;		On entry : 0/0
   593 ;;		On exit  : 0/0
   594 ;;		Unchanged: 0/0
   595 ;; Data sizes:     COMMON   BANK0   BANK1   BANK3   BANK2
   596 ;;      Params:         0       0       0       0       0
   597 ;;      Locals:         0       0       0       0       0
   598 ;;      Temps:          0       0       0       0       0
   599 ;;      Totals:         0       0       0       0       0
   600 ;;Total ram usage:        0 bytes
   601 ;; Hardware stack levels used:    1
   602 ;; Hardware stack levels required when called:    4
   603 ;; This function calls:
   604 ;;		_Init_ADC
   605 ;;		_spiInit
   606 ;; This function is called by:
   607 ;;		_main
   608 ;; This function uses a non-reentrant model
   609 ;;
   610                           
   611                           
   612                           ;psect for function _Configuracion
   613  0087                     _Configuracion:	
   614  0087                     l885:	
   615                           ;incstack = 0
   616                           ; Regs used in _Configuracion: [wreg+status,2+status,0+pclath+cstack]
   617                           
   618                           
   619                           ;Laboratirio_4_SPI_Slave.c: 78:     ANSEL = 0B11111111;
   620  0087  30FF               	movlw	255
   621  0088  1683               	bsf	3,5	;RP0=1, select bank3
   622  0089  1703               	bsf	3,6	;RP1=1, select bank3
   623  008A  0088               	movwf	8	;volatile
   624  008B                     l887:	
   625                           
   626                           ;Laboratirio_4_SPI_Slave.c: 79:     ANSELH = 0;
   627  008B  0189               	clrf	9	;volatile
   628  008C                     l889:	
   629                           
   630                           ;Laboratirio_4_SPI_Slave.c: 80:     TRISB = 0;
   631  008C  1683               	bsf	3,5	;RP0=1, select bank1
   632  008D  1303               	bcf	3,6	;RP1=0, select bank1
   633  008E  0186               	clrf	6	;volatile
   634                           
   635                           ;Laboratirio_4_SPI_Slave.c: 81:     TRISA = 0B11111111;
   636  008F  30FF               	movlw	255
   637  0090  0085               	movwf	5	;volatile
   638  0091                     l891:	
   639                           
   640                           ;Laboratirio_4_SPI_Slave.c: 82:     INTCONbits.GIE = 1;
   641  0091  178B               	bsf	11,7	;volatile
   642  0092                     l893:	
   643                           
   644                           ;Laboratirio_4_SPI_Slave.c: 83:     INTCONbits.PEIE = 1;
   645  0092  170B               	bsf	11,6	;volatile
   646  0093                     l895:	
   647                           
   648                           ;Laboratirio_4_SPI_Slave.c: 84:     PIR1bits.SSPIF = 0;
   649  0093  1283               	bcf	3,5	;RP0=0, select bank0
   650  0094  1303               	bcf	3,6	;RP1=0, select bank0
   651  0095  118C               	bcf	12,3	;volatile
   652  0096                     l897:	
   653                           
   654                           ;Laboratirio_4_SPI_Slave.c: 85:     PIE1bits.SSPIE = 1;
   655  0096  1683               	bsf	3,5	;RP0=1, select bank1
   656  0097  1303               	bcf	3,6	;RP1=0, select bank1
   657  0098  158C               	bsf	12,3	;volatile
   658  0099                     l899:	
   659                           
   660                           ;Laboratirio_4_SPI_Slave.c: 86:     Init_ADC();
   661  0099  120A  118A  20E1  120A  118A  	fcall	_Init_ADC
   662                           
   663                           ;Laboratirio_4_SPI_Slave.c: 88:     spiInit(SPI_SLAVE_SS_EN, SPI_DATA_SAMPLE_MIDDLE, SPI
      +                          _CLOCK_IDLE_LOW, SPI_IDLE_2_ACTIVE);
   664  009E  1283               	bcf	3,5	;RP0=0, select bank0
   665  009F  1303               	bcf	3,6	;RP1=0, select bank0
   666  00A0  01A0               	clrf	spiInit@sDataSample
   667  00A1  01A1               	clrf	spiInit@sClockIdle
   668  00A2  01A2               	clrf	spiInit@sTransmitEdge
   669  00A3  3024               	movlw	36
   670  00A4  120A  118A  20AA  120A  118A  	fcall	_spiInit
   671  00A9                     l117:	
   672  00A9  0008               	return
   673  00AA                     __end_of_Configuracion:	
   674                           
   675                           	psect	text2
   676  00AA                     __ptext2:	
   677 ;; *************** function _spiInit *****************
   678 ;; Defined at:
   679 ;;		line 15 in file "SPI.c"
   680 ;; Parameters:    Size  Location     Type
   681 ;;  sType           1    wreg     enum E1292
   682 ;;  sDataSample     1    0[BANK0 ] enum E1300
   683 ;;  sClockIdle      1    1[BANK0 ] enum E1304
   684 ;;  sTransmitEdg    1    2[BANK0 ] enum E1308
   685 ;; Auto vars:     Size  Location     Type
   686 ;;  sType           1    3[BANK0 ] enum E1292
   687 ;; Return value:  Size  Location     Type
   688 ;;                  1    wreg      void 
   689 ;; Registers used:
   690 ;;		wreg, status,2, status,0
   691 ;; Tracked objects:
   692 ;;		On entry : 0/0
   693 ;;		On exit  : 0/0
   694 ;;		Unchanged: 0/0
   695 ;; Data sizes:     COMMON   BANK0   BANK1   BANK3   BANK2
   696 ;;      Params:         0       3       0       0       0
   697 ;;      Locals:         0       1       0       0       0
   698 ;;      Temps:          0       0       0       0       0
   699 ;;      Totals:         0       4       0       0       0
   700 ;;Total ram usage:        4 bytes
   701 ;; Hardware stack levels used:    1
   702 ;; Hardware stack levels required when called:    3
   703 ;; This function calls:
   704 ;;		Nothing
   705 ;; This function is called by:
   706 ;;		_Configuracion
   707 ;; This function uses a non-reentrant model
   708 ;;
   709                           
   710                           
   711                           ;psect for function _spiInit
   712  00AA                     _spiInit:	
   713                           
   714                           ;incstack = 0
   715                           ; Regs used in _spiInit: [wreg+status,2+status,0]
   716                           ;spiInit@sType stored from wreg
   717  00AA  1283               	bcf	3,5	;RP0=0, select bank0
   718  00AB  1303               	bcf	3,6	;RP1=0, select bank0
   719  00AC  00A3               	movwf	spiInit@sType
   720  00AD                     l875:	
   721                           
   722                           ;SPI.c: 15: void spiInit(Spi_Type sType, Spi_Data_Sample sDataSample, Spi_Clock_Idle sCl
      +                          ockIdle, Spi_Transmit_Edge sTransmitEdge);SPI.c: 16: {;SPI.c: 17:     TRISC5 = 0;
   723  00AD  1683               	bsf	3,5	;RP0=1, select bank1
   724  00AE  1303               	bcf	3,6	;RP1=0, select bank1
   725  00AF  1287               	bcf	7,5	;volatile
   726                           
   727                           ;SPI.c: 18:     if(sType & 0b00000100)
   728  00B0  1283               	bcf	3,5	;RP0=0, select bank0
   729  00B1  1303               	bcf	3,6	;RP1=0, select bank0
   730  00B2  1D23               	btfss	spiInit@sType,2
   731  00B3  28B5               	goto	u191
   732  00B4  28B6               	goto	u190
   733  00B5                     u191:	
   734  00B5  28BC               	goto	l881
   735  00B6                     u190:	
   736  00B6                     l877:	
   737                           
   738                           ;SPI.c: 19:     {;SPI.c: 20:         SSPSTAT = sTransmitEdge;
   739  00B6  0822               	movf	spiInit@sTransmitEdge,w
   740  00B7  1683               	bsf	3,5	;RP0=1, select bank1
   741  00B8  1303               	bcf	3,6	;RP1=0, select bank1
   742  00B9  0094               	movwf	20	;volatile
   743  00BA                     l879:	
   744                           
   745                           ;SPI.c: 21:         TRISC3 = 1;
   746  00BA  1587               	bsf	7,3	;volatile
   747                           
   748                           ;SPI.c: 22:     }
   749  00BB  28C2               	goto	l35
   750  00BC                     l881:	
   751                           
   752                           ;SPI.c: 24:     {;SPI.c: 25:         SSPSTAT = sDataSample | sTransmitEdge;
   753  00BC  0820               	movf	spiInit@sDataSample,w
   754  00BD  0422               	iorwf	spiInit@sTransmitEdge,w
   755  00BE  1683               	bsf	3,5	;RP0=1, select bank1
   756  00BF  1303               	bcf	3,6	;RP1=0, select bank1
   757  00C0  0094               	movwf	20	;volatile
   758  00C1                     l883:	
   759                           
   760                           ;SPI.c: 26:         TRISC3 = 0;
   761  00C1  1187               	bcf	7,3	;volatile
   762  00C2                     l35:	
   763                           ;SPI.c: 27:     }
   764                           
   765                           
   766                           ;SPI.c: 29:     SSPCON = sType | sClockIdle;
   767  00C2  1283               	bcf	3,5	;RP0=0, select bank0
   768  00C3  1303               	bcf	3,6	;RP1=0, select bank0
   769  00C4  0823               	movf	spiInit@sType,w
   770  00C5  0421               	iorwf	spiInit@sClockIdle,w
   771  00C6  0094               	movwf	20	;volatile
   772  00C7                     l36:	
   773  00C7  0008               	return
   774  00C8                     __end_of_spiInit:	
   775                           
   776                           	psect	text3
   777  00E1                     __ptext3:	
   778 ;; *************** function _Init_ADC *****************
   779 ;; Defined at:
   780 ;;		line 13 in file "ADC.c"
   781 ;; Parameters:    Size  Location     Type
   782 ;;		None
   783 ;; Auto vars:     Size  Location     Type
   784 ;;		None
   785 ;; Return value:  Size  Location     Type
   786 ;;                  1    wreg      void 
   787 ;; Registers used:
   788 ;;		None
   789 ;; Tracked objects:
   790 ;;		On entry : 0/0
   791 ;;		On exit  : 0/0
   792 ;;		Unchanged: 0/0
   793 ;; Data sizes:     COMMON   BANK0   BANK1   BANK3   BANK2
   794 ;;      Params:         0       0       0       0       0
   795 ;;      Locals:         0       0       0       0       0
   796 ;;      Temps:          0       0       0       0       0
   797 ;;      Totals:         0       0       0       0       0
   798 ;;Total ram usage:        0 bytes
   799 ;; Hardware stack levels used:    1
   800 ;; Hardware stack levels required when called:    3
   801 ;; This function calls:
   802 ;;		Nothing
   803 ;; This function is called by:
   804 ;;		_Configuracion
   805 ;; This function uses a non-reentrant model
   806 ;;
   807                           
   808                           
   809                           ;psect for function _Init_ADC
   810  00E1                     _Init_ADC:	
   811  00E1                     l709:	
   812                           ;incstack = 0
   813                           ; Regs used in _Init_ADC: []
   814                           
   815                           
   816                           ;ADC.c: 14:     ADCON0bits.ADCS0 = 1;
   817  00E1  1283               	bcf	3,5	;RP0=0, select bank0
   818  00E2  1303               	bcf	3,6	;RP1=0, select bank0
   819  00E3  171F               	bsf	31,6	;volatile
   820                           
   821                           ;ADC.c: 15:     ADCON0bits.ADCS1 = 0;
   822  00E4  139F               	bcf	31,7	;volatile
   823                           
   824                           ;ADC.c: 16:     ADCON0bits.ADON = 1;
   825  00E5  141F               	bsf	31,0	;volatile
   826                           
   827                           ;ADC.c: 17:     ADCON0bits.GO_DONE = 1;
   828  00E6  149F               	bsf	31,1	;volatile
   829                           
   830                           ;ADC.c: 18:     ADCON1bits.ADFM = 0;
   831  00E7  1683               	bsf	3,5	;RP0=1, select bank1
   832  00E8  1303               	bcf	3,6	;RP1=0, select bank1
   833  00E9  139F               	bcf	31,7	;volatile
   834                           
   835                           ;ADC.c: 19:     ADCON1bits.VCFG0 = 0;
   836  00EA  121F               	bcf	31,4	;volatile
   837                           
   838                           ;ADC.c: 20:     ADCON1bits.VCFG1 = 0;
   839  00EB  129F               	bcf	31,5	;volatile
   840  00EC                     l11:	
   841  00EC  0008               	return
   842  00ED                     __end_of_Init_ADC:	
   843                           
   844                           	psect	text4
   845  0025                     __ptext4:	
   846 ;; *************** function _ISR *****************
   847 ;; Defined at:
   848 ;;		line 42 in file "Laboratirio_4_SPI_Slave.c"
   849 ;; Parameters:    Size  Location     Type
   850 ;;		None
   851 ;; Auto vars:     Size  Location     Type
   852 ;;		None
   853 ;; Return value:  Size  Location     Type
   854 ;;                  1    wreg      void 
   855 ;; Registers used:
   856 ;;		wreg, status,2, status,0, pclath, cstack
   857 ;; Tracked objects:
   858 ;;		On entry : 0/0
   859 ;;		On exit  : 0/0
   860 ;;		Unchanged: 0/0
   861 ;; Data sizes:     COMMON   BANK0   BANK1   BANK3   BANK2
   862 ;;      Params:         0       0       0       0       0
   863 ;;      Locals:         0       0       0       0       0
   864 ;;      Temps:          4       0       0       0       0
   865 ;;      Totals:         4       0       0       0       0
   866 ;;Total ram usage:        4 bytes
   867 ;; Hardware stack levels used:    1
   868 ;; Hardware stack levels required when called:    2
   869 ;; This function calls:
   870 ;;		_Canales_ADC
   871 ;;		_spiRead
   872 ;;		_spiWrite
   873 ;; This function is called by:
   874 ;;		Interrupt level 1
   875 ;; This function uses a non-reentrant model
   876 ;;
   877                           
   878                           
   879                           ;psect for function _ISR
   880  0025                     _ISR:	
   881  0025                     i1l841:	
   882                           
   883                           ;Laboratirio_4_SPI_Slave.c: 43:    if(SSPIF == 1){
   884  0025  1283               	bcf	3,5	;RP0=0, select bank0
   885  0026  1303               	bcf	3,6	;RP1=0, select bank0
   886  0027  1D8C               	btfss	12,3	;volatile
   887  0028  282A               	goto	u14_21
   888  0029  282B               	goto	u14_20
   889  002A                     u14_21:	
   890  002A  284E               	goto	i1l853
   891  002B                     u14_20:	
   892  002B                     i1l843:	
   893                           
   894                           ;Laboratirio_4_SPI_Slave.c: 44:         ADC_Sel = spiRead();
   895  002B  120A  118A  20F6  120A  118A  	fcall	_spiRead
   896  0030  00F1               	movwf	??_ISR
   897  0031  01F2               	clrf	??_ISR+1
   898  0032  0871               	movf	??_ISR,w
   899  0033  1283               	bcf	3,5	;RP0=0, select bank0
   900  0034  1303               	bcf	3,6	;RP1=0, select bank0
   901  0035  00A6               	movwf	_ADC_Sel
   902  0036  0872               	movf	??_ISR+1,w
   903  0037  00A7               	movwf	_ADC_Sel+1
   904  0038                     i1l845:	
   905                           
   906                           ;Laboratirio_4_SPI_Slave.c: 45:         if (ADC_Sel == 1){
   907  0038  0326               	decf	_ADC_Sel,w
   908  0039  0427               	iorwf	_ADC_Sel+1,w
   909  003A  1D03               	btfss	3,2
   910  003B  283D               	goto	u15_21
   911  003C  283E               	goto	u15_20
   912  003D                     u15_21:	
   913  003D  2845               	goto	i1l849
   914  003E                     u15_20:	
   915  003E                     i1l847:	
   916                           
   917                           ;Laboratirio_4_SPI_Slave.c: 46:            spiWrite(Pot_1);
   918  003E  0877               	movf	_Pot_1,w
   919  003F  120A  118A  2106  120A  118A  	fcall	_spiWrite
   920                           
   921                           ;Laboratirio_4_SPI_Slave.c: 47:         }else {
   922  0044  284B               	goto	i1l851
   923  0045                     i1l849:	
   924                           
   925                           ;Laboratirio_4_SPI_Slave.c: 48:             spiWrite(Pot_2);
   926  0045  0824               	movf	_Pot_2,w
   927  0046  120A  118A  2106  120A  118A  	fcall	_spiWrite
   928  004B                     i1l851:	
   929                           
   930                           ;Laboratirio_4_SPI_Slave.c: 50:         SSPIF = 0;
   931  004B  1283               	bcf	3,5	;RP0=0, select bank0
   932  004C  1303               	bcf	3,6	;RP1=0, select bank0
   933  004D  118C               	bcf	12,3	;volatile
   934  004E                     i1l853:	
   935                           
   936                           ;Laboratirio_4_SPI_Slave.c: 52:     if(ADIF){
   937  004E  1F0C               	btfss	12,6	;volatile
   938  004F  2851               	goto	u16_21
   939  0050  2852               	goto	u16_20
   940  0051                     u16_21:	
   941  0051  2880               	goto	i1l106
   942  0052                     u16_20:	
   943  0052                     i1l855:	
   944                           
   945                           ;Laboratirio_4_SPI_Slave.c: 53:         b++;
   946  0052  3001               	movlw	1
   947  0053  07F5               	addwf	_b,f
   948  0054  1803               	skipnc
   949  0055  0AF6               	incf	_b+1,f
   950  0056  3000               	movlw	0
   951  0057  07F6               	addwf	_b+1,f
   952  0058                     i1l857:	
   953                           
   954                           ;Laboratirio_4_SPI_Slave.c: 54:         if (b%2==1){
   955  0058  1C75               	btfss	_b,0
   956  0059  285B               	goto	u17_21
   957  005A  285C               	goto	u17_20
   958  005B                     u17_21:	
   959  005B  286B               	goto	i1l863
   960  005C                     u17_20:	
   961  005C                     i1l859:	
   962                           
   963                           ;Laboratirio_4_SPI_Slave.c: 55:             Canales_ADC(0);
   964  005C  3000               	movlw	0
   965  005D  120A  118A  20C8  120A  118A  	fcall	_Canales_ADC
   966  0062                     i1l861:	
   967                           
   968                           ;Laboratirio_4_SPI_Slave.c: 56:             Pot_1 = ADRESH;
   969  0062  1283               	bcf	3,5	;RP0=0, select bank0
   970  0063  1303               	bcf	3,6	;RP1=0, select bank0
   971  0064  081E               	movf	30,w	;volatile
   972  0065  00F1               	movwf	??_ISR
   973  0066  01F2               	clrf	??_ISR+1
   974  0067  0871               	movf	??_ISR,w
   975  0068  00F7               	movwf	_Pot_1
   976  0069  0872               	movf	??_ISR+1,w
   977  006A  00F8               	movwf	_Pot_1+1
   978  006B                     i1l863:	
   979                           
   980                           ;Laboratirio_4_SPI_Slave.c: 58:         if (b%2 == 0){
   981  006B  1875               	btfsc	_b,0
   982  006C  286E               	goto	u18_21
   983  006D  286F               	goto	u18_20
   984  006E                     u18_21:	
   985  006E  287E               	goto	i1l869
   986  006F                     u18_20:	
   987  006F                     i1l865:	
   988                           
   989                           ;Laboratirio_4_SPI_Slave.c: 59:             Canales_ADC(3);
   990  006F  3003               	movlw	3
   991  0070  120A  118A  20C8  120A  118A  	fcall	_Canales_ADC
   992  0075                     i1l867:	
   993                           
   994                           ;Laboratirio_4_SPI_Slave.c: 60:             Pot_2 = ADRESH;
   995  0075  1283               	bcf	3,5	;RP0=0, select bank0
   996  0076  1303               	bcf	3,6	;RP1=0, select bank0
   997  0077  081E               	movf	30,w	;volatile
   998  0078  00F1               	movwf	??_ISR
   999  0079  01F2               	clrf	??_ISR+1
  1000  007A  0871               	movf	??_ISR,w
  1001  007B  00A4               	movwf	_Pot_2
  1002  007C  0872               	movf	??_ISR+1,w
  1003  007D  00A5               	movwf	_Pot_2+1
  1004  007E                     i1l869:	
  1005                           
  1006                           ;Laboratirio_4_SPI_Slave.c: 62:         ADCON0bits.GO_DONE = 1;
  1007  007E  149F               	bsf	31,1	;volatile
  1008  007F                     i1l871:	
  1009                           
  1010                           ;Laboratirio_4_SPI_Slave.c: 63:         ADIF = 0;
  1011  007F  130C               	bcf	12,6	;volatile
  1012  0080                     i1l106:	
  1013  0080  0874               	movf	??_ISR+3,w
  1014  0081  008A               	movwf	10
  1015  0082  0E73               	swapf	(??_ISR+2)^(0+4294967168),w
  1016  0083  0083               	movwf	3
  1017  0084  0EFE               	swapf	btemp,f
  1018  0085  0E7E               	swapf	btemp,w
  1019  0086  0009               	retfie
  1020  0087                     __end_of_ISR:	
  1021                           
  1022                           	psect	intentry
  1023  0004                     __pintentry:	
  1024                           ;incstack = 0
  1025                           ; Regs used in _ISR: [wreg+status,2+status,0+pclath+cstack]
  1026                           
  1027  0004                     interrupt_function:	
  1028  007E                     saved_w	set	btemp
  1029  0004  00FE               	movwf	btemp
  1030  0005  0E03               	swapf	3,w
  1031  0006  00F3               	movwf	??_ISR+2
  1032  0007  080A               	movf	10,w
  1033  0008  00F4               	movwf	??_ISR+3
  1034  0009  120A  118A  2825   	ljmp	_ISR
  1035                           
  1036                           	psect	text5
  1037  0106                     __ptext5:	
  1038 ;; *************** function _spiWrite *****************
  1039 ;; Defined at:
  1040 ;;		line 37 in file "SPI.c"
  1041 ;; Parameters:    Size  Location     Type
  1042 ;;  dat             1    wreg     unsigned char 
  1043 ;; Auto vars:     Size  Location     Type
  1044 ;;  dat             1    0[COMMON] unsigned char 
  1045 ;; Return value:  Size  Location     Type
  1046 ;;                  1    wreg      void 
  1047 ;; Registers used:
  1048 ;;		wreg
  1049 ;; Tracked objects:
  1050 ;;		On entry : 0/0
  1051 ;;		On exit  : 0/0
  1052 ;;		Unchanged: 0/0
  1053 ;; Data sizes:     COMMON   BANK0   BANK1   BANK3   BANK2
  1054 ;;      Params:         0       0       0       0       0
  1055 ;;      Locals:         1       0       0       0       0
  1056 ;;      Temps:          0       0       0       0       0
  1057 ;;      Totals:         1       0       0       0       0
  1058 ;;Total ram usage:        1 bytes
  1059 ;; Hardware stack levels used:    1
  1060 ;; This function calls:
  1061 ;;		Nothing
  1062 ;; This function is called by:
  1063 ;;		_ISR
  1064 ;; This function uses a non-reentrant model
  1065 ;;
  1066                           
  1067                           
  1068                           ;psect for function _spiWrite
  1069  0106                     _spiWrite:	
  1070                           
  1071                           ;incstack = 0
  1072                           ; Regs used in _spiWrite: [wreg]
  1073                           ;spiWrite@dat stored from wreg
  1074  0106  00F0               	movwf	spiWrite@dat
  1075  0107                     i1l817:	
  1076                           
  1077                           ;SPI.c: 37: void spiWrite(char dat);SPI.c: 38: {;SPI.c: 39:     SSPBUF = dat;
  1078  0107  0870               	movf	spiWrite@dat,w
  1079  0108  1283               	bcf	3,5	;RP0=0, select bank0
  1080  0109  1303               	bcf	3,6	;RP1=0, select bank0
  1081  010A  0093               	movwf	19	;volatile
  1082  010B                     i1l45:	
  1083  010B  0008               	return
  1084  010C                     __end_of_spiWrite:	
  1085                           
  1086                           	psect	text6
  1087  00F6                     __ptext6:	
  1088 ;; *************** function _spiRead *****************
  1089 ;; Defined at:
  1090 ;;		line 50 in file "SPI.c"
  1091 ;; Parameters:    Size  Location     Type
  1092 ;;		None
  1093 ;; Auto vars:     Size  Location     Type
  1094 ;;		None
  1095 ;; Return value:  Size  Location     Type
  1096 ;;                  1    wreg      unsigned char 
  1097 ;; Registers used:
  1098 ;;		wreg, status,2, status,0, pclath, cstack
  1099 ;; Tracked objects:
  1100 ;;		On entry : 0/0
  1101 ;;		On exit  : 0/0
  1102 ;;		Unchanged: 0/0
  1103 ;; Data sizes:     COMMON   BANK0   BANK1   BANK3   BANK2
  1104 ;;      Params:         0       0       0       0       0
  1105 ;;      Locals:         0       0       0       0       0
  1106 ;;      Temps:          0       0       0       0       0
  1107 ;;      Totals:         0       0       0       0       0
  1108 ;;Total ram usage:        0 bytes
  1109 ;; Hardware stack levels used:    1
  1110 ;; Hardware stack levels required when called:    1
  1111 ;; This function calls:
  1112 ;;		_spiReceiveWait
  1113 ;; This function is called by:
  1114 ;;		_ISR
  1115 ;; This function uses a non-reentrant model
  1116 ;;
  1117                           
  1118                           
  1119                           ;psect for function _spiRead
  1120  00F6                     _spiRead:	
  1121  00F6                     i1l819:	
  1122                           ;incstack = 0
  1123                           ; Regs used in _spiRead: [wreg+status,2+status,0+pclath+cstack]
  1124                           
  1125                           
  1126                           ;SPI.c: 52:     spiReceiveWait();
  1127  00F6  120A  118A  20FF  120A  118A  	fcall	_spiReceiveWait
  1128  00FB                     i1l821:	
  1129                           
  1130                           ;SPI.c: 53:     return(SSPBUF);
  1131  00FB  1283               	bcf	3,5	;RP0=0, select bank0
  1132  00FC  1303               	bcf	3,6	;RP1=0, select bank0
  1133  00FD  0813               	movf	19,w	;volatile
  1134  00FE                     i1l53:	
  1135  00FE  0008               	return
  1136  00FF                     __end_of_spiRead:	
  1137                           
  1138                           	psect	text7
  1139  00FF                     __ptext7:	
  1140 ;; *************** function _spiReceiveWait *****************
  1141 ;; Defined at:
  1142 ;;		line 32 in file "SPI.c"
  1143 ;; Parameters:    Size  Location     Type
  1144 ;;		None
  1145 ;; Auto vars:     Size  Location     Type
  1146 ;;		None
  1147 ;; Return value:  Size  Location     Type
  1148 ;;                  1    wreg      void 
  1149 ;; Registers used:
  1150 ;;		None
  1151 ;; Tracked objects:
  1152 ;;		On entry : 0/0
  1153 ;;		On exit  : 0/0
  1154 ;;		Unchanged: 0/0
  1155 ;; Data sizes:     COMMON   BANK0   BANK1   BANK3   BANK2
  1156 ;;      Params:         0       0       0       0       0
  1157 ;;      Locals:         0       0       0       0       0
  1158 ;;      Temps:          0       0       0       0       0
  1159 ;;      Totals:         0       0       0       0       0
  1160 ;;Total ram usage:        0 bytes
  1161 ;; Hardware stack levels used:    1
  1162 ;; This function calls:
  1163 ;;		Nothing
  1164 ;; This function is called by:
  1165 ;;		_spiRead
  1166 ;; This function uses a non-reentrant model
  1167 ;;
  1168                           
  1169                           
  1170                           ;psect for function _spiReceiveWait
  1171  00FF                     _spiReceiveWait:	
  1172  00FF                     i1l807:	
  1173                           ;incstack = 0
  1174                           ; Regs used in _spiReceiveWait: []
  1175                           
  1176  00FF                     i1l39:	
  1177                           ;SPI.c: 34:     while ( !SSPSTATbits.BF );
  1178                           
  1179  00FF  1683               	bsf	3,5	;RP0=1, select bank1
  1180  0100  1303               	bcf	3,6	;RP1=0, select bank1
  1181  0101  1C14               	btfss	20,0	;volatile
  1182  0102  2904               	goto	u11_21
  1183  0103  2905               	goto	u11_20
  1184  0104                     u11_21:	
  1185  0104  28FF               	goto	i1l39
  1186  0105                     u11_20:	
  1187  0105                     i1l42:	
  1188  0105  0008               	return
  1189  0106                     __end_of_spiReceiveWait:	
  1190                           
  1191                           	psect	text8
  1192  00C8                     __ptext8:	
  1193 ;; *************** function _Canales_ADC *****************
  1194 ;; Defined at:
  1195 ;;		line 28 in file "ADC.c"
  1196 ;; Parameters:    Size  Location     Type
  1197 ;;  Canal           1    wreg     unsigned char 
  1198 ;; Auto vars:     Size  Location     Type
  1199 ;;  Canal           1    0[COMMON] unsigned char 
  1200 ;; Return value:  Size  Location     Type
  1201 ;;                  1    wreg      void 
  1202 ;; Registers used:
  1203 ;;		wreg, status,2, status,0
  1204 ;; Tracked objects:
  1205 ;;		On entry : 0/0
  1206 ;;		On exit  : 0/0
  1207 ;;		Unchanged: 0/0
  1208 ;; Data sizes:     COMMON   BANK0   BANK1   BANK3   BANK2
  1209 ;;      Params:         0       0       0       0       0
  1210 ;;      Locals:         1       0       0       0       0
  1211 ;;      Temps:          0       0       0       0       0
  1212 ;;      Totals:         1       0       0       0       0
  1213 ;;Total ram usage:        1 bytes
  1214 ;; Hardware stack levels used:    1
  1215 ;; This function calls:
  1216 ;;		Nothing
  1217 ;; This function is called by:
  1218 ;;		_ISR
  1219 ;; This function uses a non-reentrant model
  1220 ;;
  1221                           
  1222                           
  1223                           ;psect for function _Canales_ADC
  1224  00C8                     _Canales_ADC:	
  1225                           
  1226                           ;incstack = 0
  1227                           ; Regs used in _Canales_ADC: [wreg+status,2+status,0]
  1228                           ;Canales_ADC@Canal stored from wreg
  1229  00C8  00F0               	movwf	Canales_ADC@Canal
  1230  00C9                     i1l809:	
  1231                           
  1232                           ;ADC.c: 29:     if (Canal == 0){
  1233  00C9  0870               	movf	Canales_ADC@Canal,w
  1234  00CA  1D03               	btfss	3,2
  1235  00CB  28CD               	goto	u12_21
  1236  00CC  28CE               	goto	u12_20
  1237  00CD                     u12_21:	
  1238  00CD  28D4               	goto	i1l813
  1239  00CE                     u12_20:	
  1240  00CE                     i1l811:	
  1241                           
  1242                           ;ADC.c: 31:     ADCON0bits.CHS0 = 0;
  1243  00CE  1283               	bcf	3,5	;RP0=0, select bank0
  1244  00CF  1303               	bcf	3,6	;RP1=0, select bank0
  1245  00D0  111F               	bcf	31,2	;volatile
  1246                           
  1247                           ;ADC.c: 32:     ADCON0bits.CHS1 = 0;
  1248  00D1  119F               	bcf	31,3	;volatile
  1249                           
  1250                           ;ADC.c: 33:     ADCON0bits.CHS2 = 0;
  1251  00D2  121F               	bcf	31,4	;volatile
  1252                           
  1253                           ;ADC.c: 34:     ADCON0bits.CHS3 = 0;
  1254  00D3  129F               	bcf	31,5	;volatile
  1255  00D4                     i1l813:	
  1256                           
  1257                           ;ADC.c: 36:     if (Canal == 3){
  1258  00D4  3003               	movlw	3
  1259  00D5  0670               	xorwf	Canales_ADC@Canal,w
  1260  00D6  1D03               	btfss	3,2
  1261  00D7  28D9               	goto	u13_21
  1262  00D8  28DA               	goto	u13_20
  1263  00D9                     u13_21:	
  1264  00D9  28E0               	goto	i1l19
  1265  00DA                     u13_20:	
  1266  00DA                     i1l815:	
  1267                           
  1268                           ;ADC.c: 38:     ADCON0bits.CHS0 = 1;
  1269  00DA  1283               	bcf	3,5	;RP0=0, select bank0
  1270  00DB  1303               	bcf	3,6	;RP1=0, select bank0
  1271  00DC  151F               	bsf	31,2	;volatile
  1272                           
  1273                           ;ADC.c: 39:     ADCON0bits.CHS1 = 1;
  1274  00DD  159F               	bsf	31,3	;volatile
  1275                           
  1276                           ;ADC.c: 40:     ADCON0bits.CHS2 = 0;
  1277  00DE  121F               	bcf	31,4	;volatile
  1278                           
  1279                           ;ADC.c: 41:     ADCON0bits.CHS3 = 0;
  1280  00DF  129F               	bcf	31,5	;volatile
  1281  00E0                     i1l19:	
  1282  00E0  0008               	return
  1283  00E1                     __end_of_Canales_ADC:	
  1284  007E                     btemp	set	126	;btemp
  1285  007E                     wtemp0	set	126


Data Sizes:
    Strings     0
    Constant    0
    Data        2
    BSS         6
    Persistent  0
    Stack       0

Auto Spaces:
    Space          Size  Autos    Used
    COMMON           14      5       9
    BANK0            80      4       8
    BANK1            80      0       0
    BANK3            96      0       0
    BANK2            96      0       0

Pointer List with Targets:

    None.

Critical Paths under _main in COMMON

    None.

Critical Paths under _ISR in COMMON

    _ISR->_Canales_ADC
    _ISR->_spiWrite

Critical Paths under _main in BANK0

    _Configuracion->_spiInit

Critical Paths under _ISR in BANK0

    None.

Critical Paths under _main in BANK1

    None.

Critical Paths under _ISR in BANK1

    None.

Critical Paths under _main in BANK3

    None.

Critical Paths under _ISR in BANK3

    None.

Critical Paths under _main in BANK2

    None.

Critical Paths under _ISR in BANK2

    None.

Call Graph Tables:

 ---------------------------------------------------------------------------------
 (Depth) Function   	        Calls       Base Space   Used Autos Params    Refs
 ---------------------------------------------------------------------------------
 (0) _main                                                 0     0      0     456
                      _Configuracion
 ---------------------------------------------------------------------------------
 (1) _Configuracion                                        0     0      0     456
                           _Init_ADC
                            _spiInit
 ---------------------------------------------------------------------------------
 (2) _spiInit                                              4     1      3     456
                                              0 BANK0      4     1      3
 ---------------------------------------------------------------------------------
 (2) _Init_ADC                                             0     0      0       0
 ---------------------------------------------------------------------------------
 Estimated maximum stack depth 2
 ---------------------------------------------------------------------------------
 (Depth) Function   	        Calls       Base Space   Used Autos Params    Refs
 ---------------------------------------------------------------------------------
 (3) _ISR                                                  4     4      0      66
                                              1 COMMON     4     4      0
                        _Canales_ADC
                            _spiRead
                           _spiWrite
 ---------------------------------------------------------------------------------
 (4) _spiWrite                                             1     1      0      22
                                              0 COMMON     1     1      0
 ---------------------------------------------------------------------------------
 (4) _spiRead                                              0     0      0       0
                     _spiReceiveWait
 ---------------------------------------------------------------------------------
 (5) _spiReceiveWait                                       0     0      0       0
 ---------------------------------------------------------------------------------
 (4) _Canales_ADC                                          1     1      0      44
                                              0 COMMON     1     1      0
 ---------------------------------------------------------------------------------
 Estimated maximum stack depth 5
 ---------------------------------------------------------------------------------

 Call Graph Graphs:

 _main (ROOT)
   _Configuracion
     _Init_ADC
     _spiInit

 _ISR (ROOT)
   _Canales_ADC
   _spiRead
     _spiReceiveWait
   _spiWrite

 Address spaces:
Name               Size   Autos  Total    Cost      Usage
BANK3               60      0       0       9        0.0%
BITBANK3            60      0       0       8        0.0%
SFR3                 0      0       0       4        0.0%
BITSFR3              0      0       0       4        0.0%
BANK2               60      0       0      11        0.0%
BITBANK2            60      0       0      10        0.0%
SFR2                 0      0       0       5        0.0%
BITSFR2              0      0       0       5        0.0%
BANK1               50      0       0       7        0.0%
BITBANK1            50      0       0       6        0.0%
SFR1                 0      0       0       2        0.0%
BITSFR1              0      0       0       2        0.0%
BANK0               50      4       8       5       10.0%
BITBANK0            50      0       0       4        0.0%
SFR0                 0      0       0       1        0.0%
BITSFR0              0      0       0       1        0.0%
COMMON               E      5       9       1       64.3%
BITCOMMON            E      0       0       0        0.0%
CODE                 0      0       0       0        0.0%
DATA                 0      0      11      12        0.0%
ABS                  0      0      11       3        0.0%
NULL                 0      0       0       0        0.0%
STACK                0      0       0       2        0.0%
EEDATA             100      0       0       0        0.0%


Microchip Technology PIC Macro Assembler V2.10 build 88905656 
Symbol Table                                                                                   Wed Feb 19 23:30:35 2020

                       _b 0075               __CFG_CP$OFF 0000               _SSPSTATbits 0094  
                      l11 00EC                        l35 00C2                        l36 00C7  
                     l111 00F2                       l112 00F2                       l117 00A9  
                     l709 00E1                       l901 00ED                       l881 00BC  
                     l883 00C1                       l875 00AD                       l891 0091  
                     l877 00B6                       l893 0092                       l885 0087  
                     l879 00BA                       l895 0093                       l887 008B  
                     l897 0096                       l889 008C                       l899 0099  
                     u190 00B6                       u191 00B5              __CFG_CPD$OFF 0000  
                     _ISR 0025              __CFG_LVP$OFF 0000                      ?_ISR 0070  
                    _ADIF 0066                      i1l42 0105                      i1l19 00E0  
                    i1l53 00FE                      i1l45 010B                      i1l39 00FF  
            __CFG_WRT$OFF 0000                      _main 00ED                      btemp 007E  
                    start 000C             __CFG_IESO$OFF 0000               _Canales_ADC 00C8  
                   ??_ISR 0071                     ?_main 0070             __CFG_WDTE$OFF 0000  
                   _ANSEL 0188                     i1l106 0080                     i1l811 00CE  
                   i1l813 00D4                     i1l821 00FB                     i1l815 00DA  
                   i1l807 00FF                     i1l809 00C9                     i1l817 0107  
                   i1l841 0025                     i1l819 00F6                     i1l851 004B  
                   i1l843 002B                     i1l861 0062                     i1l845 0038  
                   i1l853 004E                     i1l871 007F                     i1l863 006B  
                   i1l855 0052                     i1l847 003E                     i1l865 006F  
                   i1l857 0058                     i1l849 0045                     i1l867 0075  
                   i1l859 005C                     i1l869 007E                     u11_20 0105  
                   u11_21 0104                     u12_20 00CE                     u12_21 00CD  
                   u13_20 00DA                     u13_21 00D9                     u14_20 002B  
                   u14_21 002A                     u15_20 003E                     u15_21 003D  
                   u16_20 0052                     u16_21 0051                     u17_20 005C  
                   u17_21 005B                     u18_20 006F                     u18_21 006E  
                   _TRISA 0085                     _TRISB 0086                     _SSPIF 0063  
          __CFG_FCMEN$OFF 0000                     _Pot_1 0077                     _Pot_2 0024  
        Canales_ADC@Canal 0070            __CFG_BOREN$OFF 0000                     pclath 000A  
         __end_of_spiInit 00C8           __end_of_spiRead 00FF                     status 0003  
                   wtemp0 007E            __CFG_MCLRE$OFF 0000           __initialization 000F  
            __end_of_main 00F6          __end_of_Init_ADC 00ED                    ??_main 0075  
                  _ADRESH 001E                    _ANSELH 0189                    _TRISC3 043B  
                  _TRISC5 043D                    _SSPCON 0014                    _SSPBUF 0013  
          __CFG_PWRTE$OFF 0000                    saved_w 007E          __end_of_spiWrite 010C  
               ??_spiInit 0075                 ??_spiRead 0070   __end_of__initialization 0021  
          __pcstackCOMMON 0070              __pidataBANK0 010C                __pbssBANK0 0024  
   __end_of_Configuracion 00AA                 ?_Init_ADC 0070              ?_Canales_ADC 0070  
              __pmaintext 00ED                __pintentry 0004   __size_of_spiReceiveWait 0007  
                 _ADC_Sel 0026                   _SSPSTAT 0094                ??_Init_ADC 0075  
               ?_spiWrite 0070                   __ptext1 0087                   __ptext2 00AA  
                 __ptext3 00E1                   __ptext4 0025                   __ptext5 0106  
                 __ptext6 00F6                   __ptext7 00FF                   __ptext8 00C8  
            __size_of_ISR 0062                   _spiInit 00AA                   _spiRead 00F6  
    end_of_initialization 0021                ??_spiWrite 0070               spiWrite@dat 0070  
    __size_of_Canales_ADC 0019            _spiReceiveWait 00FF       start_initialization 000F  
             __end_of_ISR 0087         __size_of_Init_ADC 000C  __CFG_FOSC$INTRC_NOCLKOUT 0000  
  __end_of_spiReceiveWait 0106               __pdataBANK0 0026               __pbssCOMMON 0075  
               ___latbits 0002             __pcstackBANK0 0020           ?_spiReceiveWait 0070  
       __size_of_spiWrite 0006    __size_of_Configuracion 0023                  ?_spiInit 0020  
                ?_spiRead 0070      spiInit@sTransmitEdge 0022         interrupt_function 0004  
                _PIE1bits 008C        spiInit@sDataSample 0020                  _PIR1bits 000C  
              _ADCON0bits 001F                _ADCON1bits 009F                  _Init_ADC 00E1  
           _Configuracion 0087          __size_of_spiInit 001E          __size_of_spiRead 0009  
       __CFG_BOR4V$BOR40V 0000            ?_Configuracion 0070             __size_of_main 0009  
           ??_Canales_ADC 0070                  _spiWrite 0106              spiInit@sType 0023  
       spiInit@sClockIdle 0021                _INTCONbits 000B                  intlevel1 0000  
        ??_spiReceiveWait 0070       __end_of_Canales_ADC 00E1           ??_Configuracion 0075  
