

Microchip MPLAB XC8 Assembler V2.10 build 88905656 
                                                                                               Fri Feb 14 12:12:01 2020

Microchip MPLAB XC8 C Compiler v2.10 (Free license) build 20190730164152 Og1 
     1                           	processor	16F887
     2                           	opt	pw 120
     3                           	opt	flic
     4                           	psect	cinit,global,class=CODE,merge=1,delta=2
     5                           	psect	cstackCOMMON,global,class=COMMON,space=1,delta=1
     6                           	psect	maintext,global,class=CODE,split=1,delta=2
     7                           	dabs	1,0x7E,2
     8  0000                     
     9                           ; Version 2.10
    10                           ; Generated 31/07/2019 GMT
    11                           ; 
    12                           ; Copyright © 2019, Microchip Technology Inc. and its subsidiaries ("Microchip")
    13                           ; All rights reserved.
    14                           ; 
    15                           ; This software is developed by Microchip Technology Inc. and its subsidiaries ("Microch
      +                          ip").
    16                           ; 
    17                           ; Redistribution and use in source and binary forms, with or without modification, are
    18                           ; permitted provided that the following conditions are met:
    19                           ; 
    20                           ;     1. Redistributions of source code must retain the above copyright notice, this lis
      +                          t of
    21                           ;        conditions and the following disclaimer.
    22                           ; 
    23                           ;     2. Redistributions in binary form must reproduce the above copyright notice, this 
      +                          list
    24                           ;        of conditions and the following disclaimer in the documentation and/or other
    25                           ;        materials provided with the distribution.
    26                           ; 
    27                           ;     3. Microchip's name may not be used to endorse or promote products derived from th
      +                          is
    28                           ;        software without specific prior written permission.
    29                           ; 
    30                           ; THIS SOFTWARE IS PROVIDED BY MICROCHIP "AS IS" AND ANY EXPRESS OR IMPLIED WARRANTIES,
    31                           ; INCLUDING, BUT NOT LIMITED TO, THE IMPLIED WARRANTIES OF MERCHANTABILITY AND FITNESS F
      +                          OR
    32                           ; PURPOSE ARE DISCLAIMED.  IN NO EVENT SHALL MICROCHIP BE LIABLE FOR ANY DIRECT, INDIREC
      +                          T,
    33                           ; INCIDENTAL, SPECIAL, EXEMPLARY, OR CONSEQUENTIAL DAMAGES (INCLUDING BUT NOT LIMITED TO
    34                           ; PROCUREMENT OF SUBSTITUTE GOODS OR SERVICES; LOSS OF USE, DATA OR PROFITS; OR BUSINESS
    35                           ; INTERRUPTION) HOWSOEVER CAUSED AND ON ANY THEORY OF LIABILITY, WHETHER IN CONTRACT, ST
      +                          RICT
    36                           ; LIABILITY, OR TORT (INCLUDING NEGLIGENCE OR OTHERWISE) ARISING IN ANY WAY OUT OF THE U
      +                          SE OF
    37                           ; THIS SOFTWARE, EVEN IF ADVISED OF THE POSSIBILITY OF SUCH DAMAGE.
    38                           ; 
    39                           ; 
    40                           ; Code-generator required, PIC16F887 Definitions
    41                           ; 
    42                           ; SFR Addresses
    43  0000                     	;# 
    44  0001                     	;# 
    45  0002                     	;# 
    46  0003                     	;# 
    47  0004                     	;# 
    48  0005                     	;# 
    49  0006                     	;# 
    50  0007                     	;# 
    51  0008                     	;# 
    52  0009                     	;# 
    53  000A                     	;# 
    54  000B                     	;# 
    55  000C                     	;# 
    56  000D                     	;# 
    57  000E                     	;# 
    58  000E                     	;# 
    59  000F                     	;# 
    60  0010                     	;# 
    61  0011                     	;# 
    62  0012                     	;# 
    63  0013                     	;# 
    64  0014                     	;# 
    65  0015                     	;# 
    66  0015                     	;# 
    67  0016                     	;# 
    68  0017                     	;# 
    69  0018                     	;# 
    70  0019                     	;# 
    71  001A                     	;# 
    72  001B                     	;# 
    73  001B                     	;# 
    74  001C                     	;# 
    75  001D                     	;# 
    76  001E                     	;# 
    77  001F                     	;# 
    78  0081                     	;# 
    79  0085                     	;# 
    80  0086                     	;# 
    81  0087                     	;# 
    82  0088                     	;# 
    83  0089                     	;# 
    84  008C                     	;# 
    85  008D                     	;# 
    86  008E                     	;# 
    87  008F                     	;# 
    88  0090                     	;# 
    89  0091                     	;# 
    90  0092                     	;# 
    91  0093                     	;# 
    92  0093                     	;# 
    93  0093                     	;# 
    94  0094                     	;# 
    95  0095                     	;# 
    96  0096                     	;# 
    97  0097                     	;# 
    98  0098                     	;# 
    99  0099                     	;# 
   100  009A                     	;# 
   101  009B                     	;# 
   102  009C                     	;# 
   103  009D                     	;# 
   104  009E                     	;# 
   105  009F                     	;# 
   106  0105                     	;# 
   107  0107                     	;# 
   108  0108                     	;# 
   109  0109                     	;# 
   110  010C                     	;# 
   111  010C                     	;# 
   112  010D                     	;# 
   113  010E                     	;# 
   114  010F                     	;# 
   115  0185                     	;# 
   116  0187                     	;# 
   117  0188                     	;# 
   118  0189                     	;# 
   119  018C                     	;# 
   120  018D                     	;# 
   121  0000                     	;# 
   122  0001                     	;# 
   123  0002                     	;# 
   124  0003                     	;# 
   125  0004                     	;# 
   126  0005                     	;# 
   127  0006                     	;# 
   128  0007                     	;# 
   129  0008                     	;# 
   130  0009                     	;# 
   131  000A                     	;# 
   132  000B                     	;# 
   133  000C                     	;# 
   134  000D                     	;# 
   135  000E                     	;# 
   136  000E                     	;# 
   137  000F                     	;# 
   138  0010                     	;# 
   139  0011                     	;# 
   140  0012                     	;# 
   141  0013                     	;# 
   142  0014                     	;# 
   143  0015                     	;# 
   144  0015                     	;# 
   145  0016                     	;# 
   146  0017                     	;# 
   147  0018                     	;# 
   148  0019                     	;# 
   149  001A                     	;# 
   150  001B                     	;# 
   151  001B                     	;# 
   152  001C                     	;# 
   153  001D                     	;# 
   154  001E                     	;# 
   155  001F                     	;# 
   156  0081                     	;# 
   157  0085                     	;# 
   158  0086                     	;# 
   159  0087                     	;# 
   160  0088                     	;# 
   161  0089                     	;# 
   162  008C                     	;# 
   163  008D                     	;# 
   164  008E                     	;# 
   165  008F                     	;# 
   166  0090                     	;# 
   167  0091                     	;# 
   168  0092                     	;# 
   169  0093                     	;# 
   170  0093                     	;# 
   171  0093                     	;# 
   172  0094                     	;# 
   173  0095                     	;# 
   174  0096                     	;# 
   175  0097                     	;# 
   176  0098                     	;# 
   177  0099                     	;# 
   178  009A                     	;# 
   179  009B                     	;# 
   180  009C                     	;# 
   181  009D                     	;# 
   182  009E                     	;# 
   183  009F                     	;# 
   184  0105                     	;# 
   185  0107                     	;# 
   186  0108                     	;# 
   187  0109                     	;# 
   188  010C                     	;# 
   189  010C                     	;# 
   190  010D                     	;# 
   191  010E                     	;# 
   192  010F                     	;# 
   193  0185                     	;# 
   194  0187                     	;# 
   195  0188                     	;# 
   196  0189                     	;# 
   197  018C                     	;# 
   198  018D                     	;# 
   199  0000                     	;# 
   200  0001                     	;# 
   201  0002                     	;# 
   202  0003                     	;# 
   203  0004                     	;# 
   204  0005                     	;# 
   205  0006                     	;# 
   206  0007                     	;# 
   207  0008                     	;# 
   208  0009                     	;# 
   209  000A                     	;# 
   210  000B                     	;# 
   211  000C                     	;# 
   212  000D                     	;# 
   213  000E                     	;# 
   214  000E                     	;# 
   215  000F                     	;# 
   216  0010                     	;# 
   217  0011                     	;# 
   218  0012                     	;# 
   219  0013                     	;# 
   220  0014                     	;# 
   221  0015                     	;# 
   222  0015                     	;# 
   223  0016                     	;# 
   224  0017                     	;# 
   225  0018                     	;# 
   226  0019                     	;# 
   227  001A                     	;# 
   228  001B                     	;# 
   229  001B                     	;# 
   230  001C                     	;# 
   231  001D                     	;# 
   232  001E                     	;# 
   233  001F                     	;# 
   234  0081                     	;# 
   235  0085                     	;# 
   236  0086                     	;# 
   237  0087                     	;# 
   238  0088                     	;# 
   239  0089                     	;# 
   240  008C                     	;# 
   241  008D                     	;# 
   242  008E                     	;# 
   243  008F                     	;# 
   244  0090                     	;# 
   245  0091                     	;# 
   246  0092                     	;# 
   247  0093                     	;# 
   248  0093                     	;# 
   249  0093                     	;# 
   250  0094                     	;# 
   251  0095                     	;# 
   252  0096                     	;# 
   253  0097                     	;# 
   254  0098                     	;# 
   255  0099                     	;# 
   256  009A                     	;# 
   257  009B                     	;# 
   258  009C                     	;# 
   259  009D                     	;# 
   260  009E                     	;# 
   261  009F                     	;# 
   262  0105                     	;# 
   263  0107                     	;# 
   264  0108                     	;# 
   265  0109                     	;# 
   266  010C                     	;# 
   267  010C                     	;# 
   268  010D                     	;# 
   269  010E                     	;# 
   270  010F                     	;# 
   271  0185                     	;# 
   272  0187                     	;# 
   273  0188                     	;# 
   274  0189                     	;# 
   275  018C                     	;# 
   276  018D                     	;# 
   277  0014                     _SSPCONbits	set	20
   278  0094                     _SSPSTATbits	set	148
   279                           
   280                           	psect	cinit
   281  07FC                     start_initialization:	
   282                           ; #config settings
   283                           
   284  07FC                     __initialization:	
   285  07FC                     end_of_initialization:	
   286                           ;End of C runtime variable initialization code
   287                           
   288  07FC                     __end_of__initialization:	
   289  07FC  0183               	clrf	3
   290  07FD  120A  118A  2FDE   	ljmp	_main	;jump to C main() function
   291                           
   292                           	psect	cstackCOMMON
   293  0070                     __pcstackCOMMON:	
   294  0070                     ?_main:	
   295  0070                     ??_main:	
   296                           ; 1 bytes @ 0x0
   297                           
   298                           
   299                           ; 1 bytes @ 0x0
   300  0070                     	ds	3
   301                           
   302                           	psect	maintext
   303  07DE                     __pmaintext:	
   304 ;;
   305 ;;Main: autosize = 0, tempsize = 3, incstack = 0, save=0
   306 ;;
   307 ;; *************** function _main *****************
   308 ;; Defined at:
   309 ;;		line 13 in file "Laboratirio_4_SPI.c"
   310 ;; Parameters:    Size  Location     Type
   311 ;;		None
   312 ;; Auto vars:     Size  Location     Type
   313 ;;		None
   314 ;; Return value:  Size  Location     Type
   315 ;;                  1    wreg      void 
   316 ;; Registers used:
   317 ;;		wreg, status,2, status,0
   318 ;; Tracked objects:
   319 ;;		On entry : B00/0
   320 ;;		On exit  : 0/0
   321 ;;		Unchanged: 0/0
   322 ;; Data sizes:     COMMON   BANK0   BANK1   BANK3   BANK2
   323 ;;      Params:         0       0       0       0       0
   324 ;;      Locals:         0       0       0       0       0
   325 ;;      Temps:          3       0       0       0       0
   326 ;;      Totals:         3       0       0       0       0
   327 ;;Total ram usage:        3 bytes
   328 ;; This function calls:
   329 ;;		Nothing
   330 ;; This function is called by:
   331 ;;		Startup code after reset
   332 ;; This function uses a non-reentrant model
   333 ;;
   334                           
   335                           
   336                           ;psect for function _main
   337  07DE                     _main:	
   338  07DE                     l614:	
   339                           ;incstack = 0
   340                           ; Regs used in _main: [wreg+status,2+status,0]
   341                           
   342                           
   343                           ;Laboratirio_4_SPI.c: 14: SSPSTATbits.SMP = 0;
   344  07DE  1683               	bsf	3,5	;RP0=1, select bank1
   345  07DF  1303               	bcf	3,6	;RP1=0, select bank1
   346  07E0  1394               	bcf	20,7	;volatile
   347                           
   348                           ;Laboratirio_4_SPI.c: 15: SSPSTATbits.CKE = 1;
   349  07E1  1714               	bsf	20,6	;volatile
   350                           
   351                           ;Laboratirio_4_SPI.c: 16: SSPCONbits.SSPEN = 1;
   352  07E2  1283               	bcf	3,5	;RP0=0, select bank0
   353  07E3  1303               	bcf	3,6	;RP1=0, select bank0
   354  07E4  1694               	bsf	20,5	;volatile
   355                           
   356                           ;Laboratirio_4_SPI.c: 17: SSPCONbits.CKP = 1;
   357  07E5  1614               	bsf	20,4	;volatile
   358  07E6                     l616:	
   359                           
   360                           ;Laboratirio_4_SPI.c: 18: SSPCONbits.SSPM = 0x0;
   361  07E6  30F0               	movlw	-16
   362  07E7  0594               	andwf	20,f	;volatile
   363  07E8                     l618:	
   364                           
   365                           ;Laboratirio_4_SPI.c: 19: _delay((unsigned long)((2000)*(4000000/4000.0)));
   366  07E8  300B               	movlw	11
   367  07E9  00F2               	movwf	??_main+2
   368  07EA  3026               	movlw	38
   369  07EB  00F1               	movwf	??_main+1
   370  07EC  305D               	movlw	93
   371  07ED  00F0               	movwf	??_main
   372  07EE                     u17:	
   373  07EE  0BF0               	decfsz	??_main,f
   374  07EF  2FEE               	goto	u17
   375  07F0  0BF1               	decfsz	??_main+1,f
   376  07F1  2FEE               	goto	u17
   377  07F2  0BF2               	decfsz	??_main+2,f
   378  07F3  2FEE               	goto	u17
   379  07F4  2FF5               	nop2
   380  07F5                     l620:	
   381                           
   382                           ;Laboratirio_4_SPI.c: 20: SSPCONbits.SSPM = 0xF;
   383  07F5  300F               	movlw	15
   384  07F6  1283               	bcf	3,5	;RP0=0, select bank0
   385  07F7  1303               	bcf	3,6	;RP1=0, select bank0
   386  07F8  0494               	iorwf	20,f	;volatile
   387  07F9                     l18:	
   388  07F9  120A  118A  2800   	ljmp	start
   389  07FC                     __end_of_main:	
   390  007E                     btemp	set	126	;btemp
   391  007E                     wtemp0	set	126


Data Sizes:
    Strings     0
    Constant    0
    Data        0
    BSS         0
    Persistent  0
    Stack       0

Auto Spaces:
    Space          Size  Autos    Used
    COMMON           14      3       3
    BANK0            80      0       0
    BANK1            80      0       0
    BANK3            96      0       0
    BANK2            96      0       0

Pointer List with Targets:

    None.

Critical Paths under _main in COMMON

    None.

Critical Paths under _main in BANK0

    None.

Critical Paths under _main in BANK1

    None.

Critical Paths under _main in BANK3

    None.

Critical Paths under _main in BANK2

    None.

Call Graph Tables:

 ---------------------------------------------------------------------------------
 (Depth) Function   	        Calls       Base Space   Used Autos Params    Refs
 ---------------------------------------------------------------------------------
 (0) _main                                                 3     3      0       0
                                              0 COMMON     3     3      0
 ---------------------------------------------------------------------------------
 Estimated maximum stack depth 0
 ---------------------------------------------------------------------------------

 Call Graph Graphs:

 _main (ROOT)

 Address spaces:
Name               Size   Autos  Total    Cost      Usage
BITCOMMON            E      0       0       0        0.0%
EEDATA             100      0       0       0        0.0%
NULL                 0      0       0       0        0.0%
CODE                 0      0       0       0        0.0%
COMMON               E      3       3       1       21.4%
BITSFR0              0      0       0       1        0.0%
SFR0                 0      0       0       1        0.0%
BITSFR1              0      0       0       2        0.0%
SFR1                 0      0       0       2        0.0%
STACK                0      0       0       2        0.0%
ABS                  0      0       0       3        0.0%
BITBANK0            50      0       0       4        0.0%
BITSFR3              0      0       0       4        0.0%
SFR3                 0      0       0       4        0.0%
BANK0               50      0       0       5        0.0%
BITSFR2              0      0       0       5        0.0%
SFR2                 0      0       0       5        0.0%
BITBANK1            50      0       0       6        0.0%
BANK1               50      0       0       7        0.0%
BITBANK3            60      0       0       8        0.0%
BANK3               60      0       0       9        0.0%
BITBANK2            60      0       0      10        0.0%
BANK2               60      0       0      11        0.0%
DATA                 0      0       0      12        0.0%


Microchip Technology PIC Macro Assembler V2.10 build 88905656 
Symbol Table                                                                                   Fri Feb 14 12:12:01 2020

            _SSPSTATbits 0094                       l18 07F9                       u17 07EE  
                    l620 07F5                      l614 07DE                      l616 07E6  
                    l618 07E8                     _main 07DE                     btemp 007E  
                   start 0000                    ?_main 0070                    status 0003  
                  wtemp0 007E          __initialization 07FC             __end_of_main 07FC  
                 ??_main 0070  __end_of__initialization 07FC           __pcstackCOMMON 0070  
             __pmaintext 07DE     end_of_initialization 07FC      start_initialization 07FC  
              ___latbits 0002            __size_of_main 001E               _SSPCONbits 0014  
