

Microchip MPLAB XC8 Assembler V2.10 build 88905656 
                                                                                               Wed Feb 19 01:40:16 2020

Microchip MPLAB XC8 C Compiler v2.10 (Free license) build 20190730164152 Og1 
     1                           	processor	16F887
     2                           	opt	pw 120
     3                           	opt	flic
     4                           	psect	idataCOMMON,global,class=CODE,delta=2
     5                           	psect	cinit,global,class=CODE,merge=1,delta=2
     6                           	psect	bssCOMMON,global,class=COMMON,space=1,delta=1
     7                           	psect	dataCOMMON,global,class=COMMON,space=1,delta=1
     8                           	psect	cstackCOMMON,global,class=COMMON,space=1,delta=1
     9                           	psect	maintext,global,class=CODE,split=1,delta=2
    10                           	psect	text1,local,class=CODE,merge=1,delta=2
    11                           	psect	text2,local,class=CODE,merge=1,delta=2
    12                           	psect	text3,local,class=CODE,merge=1,delta=2
    13                           	psect	intentry,global,class=CODE,delta=2
    14                           	psect	text4,local,class=CODE,merge=1,delta=2
    15                           	dabs	1,0x7E,2
    16  0000                     
    17                           ; Version 2.10
    18                           ; Generated 31/07/2019 GMT
    19                           ; 
    20                           ; Copyright © 2019, Microchip Technology Inc. and its subsidiaries ("Microchip")
    21                           ; All rights reserved.
    22                           ; 
    23                           ; This software is developed by Microchip Technology Inc. and its subsidiaries ("Microch
      +                          ip").
    24                           ; 
    25                           ; Redistribution and use in source and binary forms, with or without modification, are
    26                           ; permitted provided that the following conditions are met:
    27                           ; 
    28                           ;     1. Redistributions of source code must retain the above copyright notice, this lis
      +                          t of
    29                           ;        conditions and the following disclaimer.
    30                           ; 
    31                           ;     2. Redistributions in binary form must reproduce the above copyright notice, this 
      +                          list
    32                           ;        of conditions and the following disclaimer in the documentation and/or other
    33                           ;        materials provided with the distribution.
    34                           ; 
    35                           ;     3. Microchip's name may not be used to endorse or promote products derived from th
      +                          is
    36                           ;        software without specific prior written permission.
    37                           ; 
    38                           ; THIS SOFTWARE IS PROVIDED BY MICROCHIP "AS IS" AND ANY EXPRESS OR IMPLIED WARRANTIES,
    39                           ; INCLUDING, BUT NOT LIMITED TO, THE IMPLIED WARRANTIES OF MERCHANTABILITY AND FITNESS F
      +                          OR
    40                           ; PURPOSE ARE DISCLAIMED.  IN NO EVENT SHALL MICROCHIP BE LIABLE FOR ANY DIRECT, INDIREC
      +                          T,
    41                           ; INCIDENTAL, SPECIAL, EXEMPLARY, OR CONSEQUENTIAL DAMAGES (INCLUDING BUT NOT LIMITED TO
    42                           ; PROCUREMENT OF SUBSTITUTE GOODS OR SERVICES; LOSS OF USE, DATA OR PROFITS; OR BUSINESS
    43                           ; INTERRUPTION) HOWSOEVER CAUSED AND ON ANY THEORY OF LIABILITY, WHETHER IN CONTRACT, ST
      +                          RICT
    44                           ; LIABILITY, OR TORT (INCLUDING NEGLIGENCE OR OTHERWISE) ARISING IN ANY WAY OUT OF THE U
      +                          SE OF
    45                           ; THIS SOFTWARE, EVEN IF ADVISED OF THE POSSIBILITY OF SUCH DAMAGE.
    46                           ; 
    47                           ; 
    48                           ; Code-generator required, PIC16F887 Definitions
    49                           ; 
    50                           ; SFR Addresses
    51  0000                     	;# 
    52  0001                     	;# 
    53  0002                     	;# 
    54  0003                     	;# 
    55  0004                     	;# 
    56  0005                     	;# 
    57  0006                     	;# 
    58  0007                     	;# 
    59  0008                     	;# 
    60  0009                     	;# 
    61  000A                     	;# 
    62  000B                     	;# 
    63  000C                     	;# 
    64  000D                     	;# 
    65  000E                     	;# 
    66  000E                     	;# 
    67  000F                     	;# 
    68  0010                     	;# 
    69  0011                     	;# 
    70  0012                     	;# 
    71  0013                     	;# 
    72  0014                     	;# 
    73  0015                     	;# 
    74  0015                     	;# 
    75  0016                     	;# 
    76  0017                     	;# 
    77  0018                     	;# 
    78  0019                     	;# 
    79  001A                     	;# 
    80  001B                     	;# 
    81  001B                     	;# 
    82  001C                     	;# 
    83  001D                     	;# 
    84  001E                     	;# 
    85  001F                     	;# 
    86  0081                     	;# 
    87  0085                     	;# 
    88  0086                     	;# 
    89  0087                     	;# 
    90  0088                     	;# 
    91  0089                     	;# 
    92  008C                     	;# 
    93  008D                     	;# 
    94  008E                     	;# 
    95  008F                     	;# 
    96  0090                     	;# 
    97  0091                     	;# 
    98  0092                     	;# 
    99  0093                     	;# 
   100  0093                     	;# 
   101  0093                     	;# 
   102  0094                     	;# 
   103  0095                     	;# 
   104  0096                     	;# 
   105  0097                     	;# 
   106  0098                     	;# 
   107  0099                     	;# 
   108  009A                     	;# 
   109  009B                     	;# 
   110  009C                     	;# 
   111  009D                     	;# 
   112  009E                     	;# 
   113  009F                     	;# 
   114  0105                     	;# 
   115  0107                     	;# 
   116  0108                     	;# 
   117  0109                     	;# 
   118  010C                     	;# 
   119  010C                     	;# 
   120  010D                     	;# 
   121  010E                     	;# 
   122  010F                     	;# 
   123  0185                     	;# 
   124  0187                     	;# 
   125  0188                     	;# 
   126  0189                     	;# 
   127  018C                     	;# 
   128  018D                     	;# 
   129  0000                     	;# 
   130  0001                     	;# 
   131  0002                     	;# 
   132  0003                     	;# 
   133  0004                     	;# 
   134  0005                     	;# 
   135  0006                     	;# 
   136  0007                     	;# 
   137  0008                     	;# 
   138  0009                     	;# 
   139  000A                     	;# 
   140  000B                     	;# 
   141  000C                     	;# 
   142  000D                     	;# 
   143  000E                     	;# 
   144  000E                     	;# 
   145  000F                     	;# 
   146  0010                     	;# 
   147  0011                     	;# 
   148  0012                     	;# 
   149  0013                     	;# 
   150  0014                     	;# 
   151  0015                     	;# 
   152  0015                     	;# 
   153  0016                     	;# 
   154  0017                     	;# 
   155  0018                     	;# 
   156  0019                     	;# 
   157  001A                     	;# 
   158  001B                     	;# 
   159  001B                     	;# 
   160  001C                     	;# 
   161  001D                     	;# 
   162  001E                     	;# 
   163  001F                     	;# 
   164  0081                     	;# 
   165  0085                     	;# 
   166  0086                     	;# 
   167  0087                     	;# 
   168  0088                     	;# 
   169  0089                     	;# 
   170  008C                     	;# 
   171  008D                     	;# 
   172  008E                     	;# 
   173  008F                     	;# 
   174  0090                     	;# 
   175  0091                     	;# 
   176  0092                     	;# 
   177  0093                     	;# 
   178  0093                     	;# 
   179  0093                     	;# 
   180  0094                     	;# 
   181  0095                     	;# 
   182  0096                     	;# 
   183  0097                     	;# 
   184  0098                     	;# 
   185  0099                     	;# 
   186  009A                     	;# 
   187  009B                     	;# 
   188  009C                     	;# 
   189  009D                     	;# 
   190  009E                     	;# 
   191  009F                     	;# 
   192  0105                     	;# 
   193  0107                     	;# 
   194  0108                     	;# 
   195  0109                     	;# 
   196  010C                     	;# 
   197  010C                     	;# 
   198  010D                     	;# 
   199  010E                     	;# 
   200  010F                     	;# 
   201  0185                     	;# 
   202  0187                     	;# 
   203  0188                     	;# 
   204  0189                     	;# 
   205  018C                     	;# 
   206  018D                     	;# 
   207  0000                     	;# 
   208  0001                     	;# 
   209  0002                     	;# 
   210  0003                     	;# 
   211  0004                     	;# 
   212  0005                     	;# 
   213  0006                     	;# 
   214  0007                     	;# 
   215  0008                     	;# 
   216  0009                     	;# 
   217  000A                     	;# 
   218  000B                     	;# 
   219  000C                     	;# 
   220  000D                     	;# 
   221  000E                     	;# 
   222  000E                     	;# 
   223  000F                     	;# 
   224  0010                     	;# 
   225  0011                     	;# 
   226  0012                     	;# 
   227  0013                     	;# 
   228  0014                     	;# 
   229  0015                     	;# 
   230  0015                     	;# 
   231  0016                     	;# 
   232  0017                     	;# 
   233  0018                     	;# 
   234  0019                     	;# 
   235  001A                     	;# 
   236  001B                     	;# 
   237  001B                     	;# 
   238  001C                     	;# 
   239  001D                     	;# 
   240  001E                     	;# 
   241  001F                     	;# 
   242  0081                     	;# 
   243  0085                     	;# 
   244  0086                     	;# 
   245  0087                     	;# 
   246  0088                     	;# 
   247  0089                     	;# 
   248  008C                     	;# 
   249  008D                     	;# 
   250  008E                     	;# 
   251  008F                     	;# 
   252  0090                     	;# 
   253  0091                     	;# 
   254  0092                     	;# 
   255  0093                     	;# 
   256  0093                     	;# 
   257  0093                     	;# 
   258  0094                     	;# 
   259  0095                     	;# 
   260  0096                     	;# 
   261  0097                     	;# 
   262  0098                     	;# 
   263  0099                     	;# 
   264  009A                     	;# 
   265  009B                     	;# 
   266  009C                     	;# 
   267  009D                     	;# 
   268  009E                     	;# 
   269  009F                     	;# 
   270  0105                     	;# 
   271  0107                     	;# 
   272  0108                     	;# 
   273  0109                     	;# 
   274  010C                     	;# 
   275  010C                     	;# 
   276  010D                     	;# 
   277  010E                     	;# 
   278  010F                     	;# 
   279  0185                     	;# 
   280  0187                     	;# 
   281  0188                     	;# 
   282  0189                     	;# 
   283  018C                     	;# 
   284  018D                     	;# 
   285  0000                     	;# 
   286  0001                     	;# 
   287  0002                     	;# 
   288  0003                     	;# 
   289  0004                     	;# 
   290  0005                     	;# 
   291  0006                     	;# 
   292  0007                     	;# 
   293  0008                     	;# 
   294  0009                     	;# 
   295  000A                     	;# 
   296  000B                     	;# 
   297  000C                     	;# 
   298  000D                     	;# 
   299  000E                     	;# 
   300  000E                     	;# 
   301  000F                     	;# 
   302  0010                     	;# 
   303  0011                     	;# 
   304  0012                     	;# 
   305  0013                     	;# 
   306  0014                     	;# 
   307  0015                     	;# 
   308  0015                     	;# 
   309  0016                     	;# 
   310  0017                     	;# 
   311  0018                     	;# 
   312  0019                     	;# 
   313  001A                     	;# 
   314  001B                     	;# 
   315  001B                     	;# 
   316  001C                     	;# 
   317  001D                     	;# 
   318  001E                     	;# 
   319  001F                     	;# 
   320  0081                     	;# 
   321  0085                     	;# 
   322  0086                     	;# 
   323  0087                     	;# 
   324  0088                     	;# 
   325  0089                     	;# 
   326  008C                     	;# 
   327  008D                     	;# 
   328  008E                     	;# 
   329  008F                     	;# 
   330  0090                     	;# 
   331  0091                     	;# 
   332  0092                     	;# 
   333  0093                     	;# 
   334  0093                     	;# 
   335  0093                     	;# 
   336  0094                     	;# 
   337  0095                     	;# 
   338  0096                     	;# 
   339  0097                     	;# 
   340  0098                     	;# 
   341  0099                     	;# 
   342  009A                     	;# 
   343  009B                     	;# 
   344  009C                     	;# 
   345  009D                     	;# 
   346  009E                     	;# 
   347  009F                     	;# 
   348  0105                     	;# 
   349  0107                     	;# 
   350  0108                     	;# 
   351  0109                     	;# 
   352  010C                     	;# 
   353  010C                     	;# 
   354  010D                     	;# 
   355  010E                     	;# 
   356  010F                     	;# 
   357  0185                     	;# 
   358  0187                     	;# 
   359  0188                     	;# 
   360  0189                     	;# 
   361  018C                     	;# 
   362  018D                     	;# 
   363  0000                     	;# 
   364  0001                     	;# 
   365  0002                     	;# 
   366  0003                     	;# 
   367  0004                     	;# 
   368  0005                     	;# 
   369  0006                     	;# 
   370  0007                     	;# 
   371  0008                     	;# 
   372  0009                     	;# 
   373  000A                     	;# 
   374  000B                     	;# 
   375  000C                     	;# 
   376  000D                     	;# 
   377  000E                     	;# 
   378  000E                     	;# 
   379  000F                     	;# 
   380  0010                     	;# 
   381  0011                     	;# 
   382  0012                     	;# 
   383  0013                     	;# 
   384  0014                     	;# 
   385  0015                     	;# 
   386  0015                     	;# 
   387  0016                     	;# 
   388  0017                     	;# 
   389  0018                     	;# 
   390  0019                     	;# 
   391  001A                     	;# 
   392  001B                     	;# 
   393  001B                     	;# 
   394  001C                     	;# 
   395  001D                     	;# 
   396  001E                     	;# 
   397  001F                     	;# 
   398  0081                     	;# 
   399  0085                     	;# 
   400  0086                     	;# 
   401  0087                     	;# 
   402  0088                     	;# 
   403  0089                     	;# 
   404  008C                     	;# 
   405  008D                     	;# 
   406  008E                     	;# 
   407  008F                     	;# 
   408  0090                     	;# 
   409  0091                     	;# 
   410  0092                     	;# 
   411  0093                     	;# 
   412  0093                     	;# 
   413  0093                     	;# 
   414  0094                     	;# 
   415  0095                     	;# 
   416  0096                     	;# 
   417  0097                     	;# 
   418  0098                     	;# 
   419  0099                     	;# 
   420  009A                     	;# 
   421  009B                     	;# 
   422  009C                     	;# 
   423  009D                     	;# 
   424  009E                     	;# 
   425  009F                     	;# 
   426  0105                     	;# 
   427  0107                     	;# 
   428  0108                     	;# 
   429  0109                     	;# 
   430  010C                     	;# 
   431  010C                     	;# 
   432  010D                     	;# 
   433  010E                     	;# 
   434  010F                     	;# 
   435  0185                     	;# 
   436  0187                     	;# 
   437  0188                     	;# 
   438  0189                     	;# 
   439  018C                     	;# 
   440  018D                     	;# 
   441                           
   442                           	psect	idataCOMMON
   443  0093                     __pidataCOMMON:	
   444                           
   445                           ;initializer for _Counter
   446  0093  3401               	retlw	1
   447  001E                     _ADRESH	set	30
   448  000C                     _PIR1bits	set	12
   449  0018                     _RCSTAbits	set	24
   450  000B                     _INTCONbits	set	11
   451  001F                     _ADCON0bits	set	31
   452  0013                     _SSPBUF	set	19
   453  0014                     _SSPCONbits	set	20
   454  0099                     _SPBRG	set	153
   455  0098                     _TXSTAbits	set	152
   456  008C                     _PIE1bits	set	140
   457  009F                     _ADCON1bits	set	159
   458  0087                     _TRISCbits	set	135
   459  0094                     _SSPSTATbits	set	148
   460  0187                     _BAUDCTLbits	set	391
   461                           
   462                           ; #config settings
   463  0000                     
   464                           	psect	cinit
   465  000F                     start_initialization:	
   466  000F                     __initialization:	
   467                           
   468                           ; Initialize objects allocated to COMMON
   469  000F  120A  118A  2093  120A  118A  	fcall	__pidataCOMMON	;fetch initializer
   470  0014  00FC               	movwf	__pdataCOMMON& (0+127)
   471                           
   472                           ; Clear objects allocated to COMMON
   473  0015  01F8               	clrf	__pbssCOMMON& (0+127)
   474  0016  01F9               	clrf	(__pbssCOMMON+1)& (0+127)
   475  0017  01FA               	clrf	(__pbssCOMMON+2)& (0+127)
   476  0018  01FB               	clrf	(__pbssCOMMON+3)& (0+127)
   477  0019                     end_of_initialization:	
   478                           ;End of C runtime variable initialization code
   479                           
   480  0019                     __end_of__initialization:	
   481  0019  0183               	clrf	3
   482  001A  120A  118A  2874   	ljmp	_main	;jump to C main() function
   483                           
   484                           	psect	bssCOMMON
   485  0078                     __pbssCOMMON:	
   486  0078                     _Sel_pot:	
   487  0078                     	ds	1
   488  0079                     _b:	
   489  0079                     	ds	1
   490  007A                     _Pot_2:	
   491  007A                     	ds	1
   492  007B                     _Pot_1:	
   493  007B                     	ds	1
   494                           
   495                           	psect	dataCOMMON
   496  007C                     __pdataCOMMON:	
   497  007C                     _Counter:	
   498  007C                     	ds	1
   499                           
   500                           	psect	cstackCOMMON
   501  0070                     __pcstackCOMMON:	
   502  0070                     ?_Recibo_SPI:	
   503  0070                     ?_Envio_SPI:	
   504                           ; 1 bytes @ 0x0
   505                           
   506  0070                     ?_Canales_ADC:	
   507                           ; 1 bytes @ 0x0
   508                           
   509  0070                     ??_Canales_ADC:	
   510                           ; 1 bytes @ 0x0
   511                           
   512  0070                     ?_ISR:	
   513                           ; 1 bytes @ 0x0
   514                           
   515  0070                     ?_main:	
   516                           ; 1 bytes @ 0x0
   517                           
   518  0070                     Recibo_SPI@Variable:	
   519                           ; 1 bytes @ 0x0
   520                           
   521  0070                     Canales_ADC@Canal:	
   522                           ; 1 bytes @ 0x0
   523                           
   524                           
   525                           ; 1 bytes @ 0x0
   526  0070                     	ds	1
   527  0071                     ??_ISR:	
   528                           
   529                           ; 1 bytes @ 0x1
   530  0071                     	ds	4
   531  0075                     ??_Recibo_SPI:	
   532  0075                     ??_Envio_SPI:	
   533                           ; 1 bytes @ 0x5
   534                           
   535  0075                     Envio_SPI@Data:	
   536                           ; 1 bytes @ 0x5
   537                           
   538                           
   539                           ; 1 bytes @ 0x5
   540  0075                     	ds	1
   541  0076                     ??_main:	
   542                           
   543                           ; 1 bytes @ 0x6
   544  0076                     	ds	2
   545                           
   546                           	psect	maintext
   547  0074                     __pmaintext:	
   548 ;;
   549 ;;Main: autosize = 0, tempsize = 2, incstack = 0, save=0
   550 ;;
   551 ;; *************** function _main *****************
   552 ;; Defined at:
   553 ;;		line 62 in file "Laboratirio_4_SPI_Slave.c"
   554 ;; Parameters:    Size  Location     Type
   555 ;;		None
   556 ;; Auto vars:     Size  Location     Type
   557 ;;		None
   558 ;; Return value:  Size  Location     Type
   559 ;;                  1    wreg      void 
   560 ;; Registers used:
   561 ;;		wreg, status,2, status,0, pclath, cstack
   562 ;; Tracked objects:
   563 ;;		On entry : B00/0
   564 ;;		On exit  : 0/0
   565 ;;		Unchanged: 0/0
   566 ;; Data sizes:     COMMON   BANK0   BANK1   BANK3   BANK2
   567 ;;      Params:         0       0       0       0       0
   568 ;;      Locals:         0       0       0       0       0
   569 ;;      Temps:          2       0       0       0       0
   570 ;;      Totals:         2       0       0       0       0
   571 ;;Total ram usage:        2 bytes
   572 ;; Hardware stack levels required when called:    3
   573 ;; This function calls:
   574 ;;		_Envio_SPI
   575 ;;		_Recibo_SPI
   576 ;; This function is called by:
   577 ;;		Startup code after reset
   578 ;; This function uses a non-reentrant model
   579 ;;
   580                           
   581                           
   582                           ;psect for function _main
   583  0074                     _main:	
   584  0074                     l750:	
   585                           ;incstack = 0
   586                           ; Regs used in _main: [wreg+status,2+status,0+pclath+cstack]
   587                           
   588                           
   589                           ;Laboratirio_4_SPI_Slave.c: 63: Recibo_SPI (Sel_pot);
   590  0074  3000               	movlw	0
   591  0075  120A  118A  2086  120A  118A  	fcall	_Recibo_SPI
   592  007A                     l752:	
   593                           
   594                           ;Laboratirio_4_SPI_Slave.c: 64: _delay((unsigned long)((100)*(4000000/4000.0)));
   595  007A  3082               	movlw	130
   596  007B  00F7               	movwf	??_main+1
   597  007C  30DD               	movlw	221
   598  007D  00F6               	movwf	??_main
   599  007E                     u67:	
   600  007E  0BF6               	decfsz	??_main,f
   601  007F  287E               	goto	u67
   602  0080  0BF7               	decfsz	??_main+1,f
   603  0081  287E               	goto	u67
   604  0082  2883               	nop2
   605  0083                     l99:	
   606                           ;Laboratirio_4_SPI_Slave.c: 65: if (Sel_pot == 1){
   607                           
   608  0083  120A  118A  280C   	ljmp	start
   609  0086                     __end_of_main:	
   610                           
   611                           	psect	text1
   612  0086                     __ptext1:	
   613 ;; *************** function _Recibo_SPI *****************
   614 ;; Defined at:
   615 ;;		line 24 in file "SPI.c"
   616 ;; Parameters:    Size  Location     Type
   617 ;;  Variable        1    wreg     unsigned char 
   618 ;; Auto vars:     Size  Location     Type
   619 ;;  Variable        1    0[COMMON] unsigned char 
   620 ;; Return value:  Size  Location     Type
   621 ;;                  1    wreg      void 
   622 ;; Registers used:
   623 ;;		wreg
   624 ;; Tracked objects:
   625 ;;		On entry : 0/0
   626 ;;		On exit  : 0/0
   627 ;;		Unchanged: 0/0
   628 ;; Data sizes:     COMMON   BANK0   BANK1   BANK3   BANK2
   629 ;;      Params:         0       0       0       0       0
   630 ;;      Locals:         0       0       0       0       0
   631 ;;      Temps:          0       0       0       0       0
   632 ;;      Totals:         0       0       0       0       0
   633 ;;Total ram usage:        0 bytes
   634 ;; Hardware stack levels used:    1
   635 ;; Hardware stack levels required when called:    2
   636 ;; This function calls:
   637 ;;		Nothing
   638 ;; This function is called by:
   639 ;;		_main
   640 ;; This function uses a non-reentrant model
   641 ;;
   642                           
   643                           
   644                           ;psect for function _Recibo_SPI
   645  0086                     _Recibo_SPI:	
   646  0086                     l702:	
   647                           ;incstack = 0
   648                           ; Regs used in _Recibo_SPI: [wreg]
   649                           
   650  0086                     l14:	
   651                           ;SPI.c: 25: while (SSPSTATbits.BF = 0){
   652                           
   653  0086  1683               	bsf	3,5	;RP0=1, select bank1
   654  0087  1303               	bcf	3,6	;RP1=0, select bank1
   655  0088  1014               	bcf	20,0	;volatile
   656  0089                     l704:	
   657  0089  1283               	bcf	3,5	;RP0=0, select bank0
   658  008A  1303               	bcf	3,6	;RP1=0, select bank0
   659  008B  0813               	movf	19,w	;volatile
   660  008C                     l17:	
   661  008C  0008               	return
   662  008D                     __end_of_Recibo_SPI:	
   663                           
   664                           	psect	text2
   665  008D                     __ptext2:	
   666 ;; *************** function _Envio_SPI *****************
   667 ;; Defined at:
   668 ;;		line 30 in file "SPI.c"
   669 ;; Parameters:    Size  Location     Type
   670 ;;  Data            1    wreg     unsigned char 
   671 ;; Auto vars:     Size  Location     Type
   672 ;;  Data            1    5[COMMON] unsigned char 
   673 ;; Return value:  Size  Location     Type
   674 ;;                  1    wreg      void 
   675 ;; Registers used:
   676 ;;		wreg
   677 ;; Tracked objects:
   678 ;;		On entry : 0/0
   679 ;;		On exit  : 0/0
   680 ;;		Unchanged: 0/0
   681 ;; Data sizes:     COMMON   BANK0   BANK1   BANK3   BANK2
   682 ;;      Params:         0       0       0       0       0
   683 ;;      Locals:         1       0       0       0       0
   684 ;;      Temps:          0       0       0       0       0
   685 ;;      Totals:         1       0       0       0       0
   686 ;;Total ram usage:        1 bytes
   687 ;; Hardware stack levels used:    1
   688 ;; Hardware stack levels required when called:    2
   689 ;; This function calls:
   690 ;;		Nothing
   691 ;; This function is called by:
   692 ;;		_main
   693 ;; This function uses a non-reentrant model
   694 ;;
   695                           
   696                           
   697                           ;psect for function _Envio_SPI
   698  008D                     _Envio_SPI:	
   699                           
   700                           ;incstack = 0
   701                           ; Regs used in _Envio_SPI: [wreg]
   702                           ;Envio_SPI@Data stored from wreg
   703  008D  00F5               	movwf	Envio_SPI@Data
   704  008E                     l706:	
   705                           
   706                           ;SPI.c: 31: SSPBUF = Data;
   707  008E  0875               	movf	Envio_SPI@Data,w
   708  008F  1283               	bcf	3,5	;RP0=0, select bank0
   709  0090  1303               	bcf	3,6	;RP1=0, select bank0
   710  0091  0093               	movwf	19	;volatile
   711  0092                     l20:	
   712  0092  0008               	return
   713  0093                     __end_of_Envio_SPI:	
   714                           
   715                           	psect	text3
   716  001D                     __ptext3:	
   717 ;; *************** function _ISR *****************
   718 ;; Defined at:
   719 ;;		line 43 in file "Laboratirio_4_SPI_Slave.c"
   720 ;; Parameters:    Size  Location     Type
   721 ;;		None
   722 ;; Auto vars:     Size  Location     Type
   723 ;;		None
   724 ;; Return value:  Size  Location     Type
   725 ;;                  1    wreg      void 
   726 ;; Registers used:
   727 ;;		wreg, status,2, status,0, pclath, cstack
   728 ;; Tracked objects:
   729 ;;		On entry : 0/0
   730 ;;		On exit  : 0/0
   731 ;;		Unchanged: 0/0
   732 ;; Data sizes:     COMMON   BANK0   BANK1   BANK3   BANK2
   733 ;;      Params:         0       0       0       0       0
   734 ;;      Locals:         0       0       0       0       0
   735 ;;      Temps:          4       0       0       0       0
   736 ;;      Totals:         4       0       0       0       0
   737 ;;Total ram usage:        4 bytes
   738 ;; Hardware stack levels used:    1
   739 ;; Hardware stack levels required when called:    1
   740 ;; This function calls:
   741 ;;		_Canales_ADC
   742 ;; This function is called by:
   743 ;;		Interrupt level 1
   744 ;; This function uses a non-reentrant model
   745 ;;
   746                           
   747                           
   748                           ;psect for function _ISR
   749  001D                     _ISR:	
   750  001D                     i1l730:	
   751                           
   752                           ;Laboratirio_4_SPI_Slave.c: 44: if (PIR1bits.ADIF == 1)
   753  001D  1283               	bcf	3,5	;RP0=0, select bank0
   754  001E  1303               	bcf	3,6	;RP1=0, select bank0
   755  001F  1F0C               	btfss	12,6	;volatile
   756  0020  2822               	goto	u3_21
   757  0021  2823               	goto	u3_20
   758  0022                     u3_21:	
   759  0022  2853               	goto	i1l92
   760  0023                     u3_20:	
   761  0023                     i1l732:	
   762                           
   763                           ;Laboratirio_4_SPI_Slave.c: 45: {;Laboratirio_4_SPI_Slave.c: 46: b++;
   764  0023  3001               	movlw	1
   765  0024  00F1               	movwf	??_ISR
   766  0025  0871               	movf	??_ISR,w
   767  0026  07F9               	addwf	_b,f
   768  0027                     i1l734:	
   769                           
   770                           ;Laboratirio_4_SPI_Slave.c: 47: if(b%2 == 1){
   771  0027  0879               	movf	_b,w
   772  0028  00F1               	movwf	??_ISR
   773  0029  01F2               	clrf	??_ISR+1
   774  002A  1BF1               	btfsc	??_ISR,7
   775  002B  03F2               	decf	??_ISR+1,f
   776  002C  1C71               	btfss	??_ISR,0
   777  002D  282F               	goto	u4_21
   778  002E  2830               	goto	u4_20
   779  002F                     u4_21:	
   780  002F  283C               	goto	i1l740
   781  0030                     u4_20:	
   782  0030                     i1l736:	
   783                           
   784                           ;Laboratirio_4_SPI_Slave.c: 48: Canales_ADC(8);
   785  0030  3008               	movlw	8
   786  0031  120A  118A  205A  120A  118A  	fcall	_Canales_ADC
   787  0036                     i1l738:	
   788                           
   789                           ;Laboratirio_4_SPI_Slave.c: 49: Pot_1 = ADRESH;
   790  0036  1283               	bcf	3,5	;RP0=0, select bank0
   791  0037  1303               	bcf	3,6	;RP1=0, select bank0
   792  0038  081E               	movf	30,w	;volatile
   793  0039  00F1               	movwf	??_ISR
   794  003A  0871               	movf	??_ISR,w
   795  003B  00FB               	movwf	_Pot_1
   796  003C                     i1l740:	
   797                           
   798                           ;Laboratirio_4_SPI_Slave.c: 50: };Laboratirio_4_SPI_Slave.c: 51: if (b%2 == 0){
   799  003C  0879               	movf	_b,w
   800  003D  00F1               	movwf	??_ISR
   801  003E  01F2               	clrf	??_ISR+1
   802  003F  1BF1               	btfsc	??_ISR,7
   803  0040  03F2               	decf	??_ISR+1,f
   804  0041  1871               	btfsc	??_ISR,0
   805  0042  2844               	goto	u5_21
   806  0043  2845               	goto	u5_20
   807  0044                     u5_21:	
   808  0044  2851               	goto	i1l746
   809  0045                     u5_20:	
   810  0045                     i1l742:	
   811                           
   812                           ;Laboratirio_4_SPI_Slave.c: 52: Canales_ADC(9);
   813  0045  3009               	movlw	9
   814  0046  120A  118A  205A  120A  118A  	fcall	_Canales_ADC
   815  004B                     i1l744:	
   816                           
   817                           ;Laboratirio_4_SPI_Slave.c: 53: Pot_2 = ADRESH;
   818  004B  1283               	bcf	3,5	;RP0=0, select bank0
   819  004C  1303               	bcf	3,6	;RP1=0, select bank0
   820  004D  081E               	movf	30,w	;volatile
   821  004E  00F1               	movwf	??_ISR
   822  004F  0871               	movf	??_ISR,w
   823  0050  00FA               	movwf	_Pot_2
   824  0051                     i1l746:	
   825                           
   826                           ;Laboratirio_4_SPI_Slave.c: 54: };Laboratirio_4_SPI_Slave.c: 55: ADCON0bits.GO_DONE = 1;
   827  0051  149F               	bsf	31,1	;volatile
   828  0052                     i1l748:	
   829                           
   830                           ;Laboratirio_4_SPI_Slave.c: 56: PIR1bits.ADIF = 0;
   831  0052  130C               	bcf	12,6	;volatile
   832  0053                     i1l92:	
   833  0053  0874               	movf	??_ISR+3,w
   834  0054  008A               	movwf	10
   835  0055  0E73               	swapf	(??_ISR+2)^(0+4294967168),w
   836  0056  0083               	movwf	3
   837  0057  0EFE               	swapf	btemp,f
   838  0058  0E7E               	swapf	btemp,w
   839  0059  0009               	retfie
   840  005A                     __end_of_ISR:	
   841                           
   842                           	psect	intentry
   843  0004                     __pintentry:	
   844                           ;incstack = 0
   845                           ; Regs used in _ISR: [wreg+status,2+status,0+pclath+cstack]
   846                           
   847  0004                     interrupt_function:	
   848  007E                     saved_w	set	btemp
   849  0004  00FE               	movwf	btemp
   850  0005  0E03               	swapf	3,w
   851  0006  00F3               	movwf	??_ISR+2
   852  0007  080A               	movf	10,w
   853  0008  00F4               	movwf	??_ISR+3
   854  0009  120A  118A  281D   	ljmp	_ISR
   855                           
   856                           	psect	text4
   857  005A                     __ptext4:	
   858 ;; *************** function _Canales_ADC *****************
   859 ;; Defined at:
   860 ;;		line 28 in file "ADC.c"
   861 ;; Parameters:    Size  Location     Type
   862 ;;  Canal           1    wreg     unsigned char 
   863 ;; Auto vars:     Size  Location     Type
   864 ;;  Canal           1    0[COMMON] unsigned char 
   865 ;; Return value:  Size  Location     Type
   866 ;;                  1    wreg      void 
   867 ;; Registers used:
   868 ;;		wreg, status,2, status,0
   869 ;; Tracked objects:
   870 ;;		On entry : 0/0
   871 ;;		On exit  : 0/0
   872 ;;		Unchanged: 0/0
   873 ;; Data sizes:     COMMON   BANK0   BANK1   BANK3   BANK2
   874 ;;      Params:         0       0       0       0       0
   875 ;;      Locals:         1       0       0       0       0
   876 ;;      Temps:          0       0       0       0       0
   877 ;;      Totals:         1       0       0       0       0
   878 ;;Total ram usage:        1 bytes
   879 ;; Hardware stack levels used:    1
   880 ;; This function calls:
   881 ;;		Nothing
   882 ;; This function is called by:
   883 ;;		_ISR
   884 ;; This function uses a non-reentrant model
   885 ;;
   886                           
   887                           
   888                           ;psect for function _Canales_ADC
   889  005A                     _Canales_ADC:	
   890                           
   891                           ;incstack = 0
   892                           ; Regs used in _Canales_ADC: [wreg+status,2+status,0]
   893                           ;Canales_ADC@Canal stored from wreg
   894  005A  00F0               	movwf	Canales_ADC@Canal
   895  005B                     i1l712:	
   896                           
   897                           ;ADC.c: 29: if (Canal == 8){
   898  005B  3008               	movlw	8
   899  005C  0670               	xorwf	Canales_ADC@Canal,w
   900  005D  1D03               	btfss	3,2
   901  005E  2860               	goto	u1_21
   902  005F  2861               	goto	u1_20
   903  0060                     u1_21:	
   904  0060  2867               	goto	i1l716
   905  0061                     u1_20:	
   906  0061                     i1l714:	
   907                           
   908                           ;ADC.c: 31: ADCON0bits.CHS0 = 0;
   909  0061  1283               	bcf	3,5	;RP0=0, select bank0
   910  0062  1303               	bcf	3,6	;RP1=0, select bank0
   911  0063  111F               	bcf	31,2	;volatile
   912                           
   913                           ;ADC.c: 32: ADCON0bits.CHS1 = 0;
   914  0064  119F               	bcf	31,3	;volatile
   915                           
   916                           ;ADC.c: 33: ADCON0bits.CHS2 = 0;
   917  0065  121F               	bcf	31,4	;volatile
   918                           
   919                           ;ADC.c: 34: ADCON0bits.CHS3 = 1;
   920  0066  169F               	bsf	31,5	;volatile
   921  0067                     i1l716:	
   922                           
   923                           ;ADC.c: 35: };ADC.c: 36: if (Canal == 9){
   924  0067  3009               	movlw	9
   925  0068  0670               	xorwf	Canales_ADC@Canal,w
   926  0069  1D03               	btfss	3,2
   927  006A  286C               	goto	u2_21
   928  006B  286D               	goto	u2_20
   929  006C                     u2_21:	
   930  006C  2873               	goto	i1l39
   931  006D                     u2_20:	
   932  006D                     i1l718:	
   933                           
   934                           ;ADC.c: 38: ADCON0bits.CHS0 = 1;
   935  006D  1283               	bcf	3,5	;RP0=0, select bank0
   936  006E  1303               	bcf	3,6	;RP1=0, select bank0
   937  006F  151F               	bsf	31,2	;volatile
   938                           
   939                           ;ADC.c: 39: ADCON0bits.CHS1 = 0;
   940  0070  119F               	bcf	31,3	;volatile
   941                           
   942                           ;ADC.c: 40: ADCON0bits.CHS2 = 0;
   943  0071  121F               	bcf	31,4	;volatile
   944                           
   945                           ;ADC.c: 41: ADCON0bits.CHS3 = 1;
   946  0072  169F               	bsf	31,5	;volatile
   947  0073                     i1l39:	
   948  0073  0008               	return
   949  0074                     __end_of_Canales_ADC:	
   950  007E                     btemp	set	126	;btemp
   951  007E                     wtemp0	set	126


Data Sizes:
    Strings     0
    Constant    0
    Data        1
    BSS         4
    Persistent  0
    Stack       0

Auto Spaces:
    Space          Size  Autos    Used
    COMMON           14      8      13
    BANK0            80      0       0
    BANK1            80      0       0
    BANK3            96      0       0
    BANK2            96      0       0

Pointer List with Targets:

    None.

Critical Paths under _main in COMMON

    _main->_Envio_SPI

Critical Paths under _ISR in COMMON

    _ISR->_Canales_ADC

Critical Paths under _main in BANK0

    None.

Critical Paths under _ISR in BANK0

    None.

Critical Paths under _main in BANK1

    None.

Critical Paths under _ISR in BANK1

    None.

Critical Paths under _main in BANK3

    None.

Critical Paths under _ISR in BANK3

    None.

Critical Paths under _main in BANK2

    None.

Critical Paths under _ISR in BANK2

    None.

Call Graph Tables:

 ---------------------------------------------------------------------------------
 (Depth) Function   	        Calls       Base Space   Used Autos Params    Refs
 ---------------------------------------------------------------------------------
 (0) _main                                                 2     2      0      15
                                              6 COMMON     2     2      0
                          _Envio_SPI
                         _Recibo_SPI
 ---------------------------------------------------------------------------------
 (1) _Recibo_SPI                                           1     1      0       0
 ---------------------------------------------------------------------------------
 (1) _Envio_SPI                                            1     1      0      15
                                              5 COMMON     1     1      0
 ---------------------------------------------------------------------------------
 Estimated maximum stack depth 1
 ---------------------------------------------------------------------------------
 (Depth) Function   	        Calls       Base Space   Used Autos Params    Refs
 ---------------------------------------------------------------------------------
 (2) _ISR                                                  4     4      0      30
                                              1 COMMON     4     4      0
                        _Canales_ADC
 ---------------------------------------------------------------------------------
 (3) _Canales_ADC                                          1     1      0      30
                                              0 COMMON     1     1      0
 ---------------------------------------------------------------------------------
 Estimated maximum stack depth 3
 ---------------------------------------------------------------------------------

 Call Graph Graphs:

 _main (ROOT)
   _Envio_SPI
   _Recibo_SPI

 _ISR (ROOT)
   _Canales_ADC

 Address spaces:
Name               Size   Autos  Total    Cost      Usage
BANK3               60      0       0       9        0.0%
BITBANK3            60      0       0       8        0.0%
SFR3                 0      0       0       4        0.0%
BITSFR3              0      0       0       4        0.0%
BANK2               60      0       0      11        0.0%
BITBANK2            60      0       0      10        0.0%
SFR2                 0      0       0       5        0.0%
BITSFR2              0      0       0       5        0.0%
BANK1               50      0       0       7        0.0%
BITBANK1            50      0       0       6        0.0%
SFR1                 0      0       0       2        0.0%
BITSFR1              0      0       0       2        0.0%
BANK0               50      0       0       5        0.0%
BITBANK0            50      0       0       4        0.0%
SFR0                 0      0       0       1        0.0%
BITSFR0              0      0       0       1        0.0%
COMMON               E      8       D       1       92.9%
BITCOMMON            E      0       0       0        0.0%
CODE                 0      0       0       0        0.0%
DATA                 0      0       D      12        0.0%
ABS                  0      0       D       3        0.0%
NULL                 0      0       0       0        0.0%
STACK                0      0       0       2        0.0%
EEDATA             100      0       0       0        0.0%


Microchip Technology PIC Macro Assembler V2.10 build 88905656 
Symbol Table                                                                                   Wed Feb 19 01:40:16 2020

                       _b 0079               __CFG_CP$OFF 0000               _SSPSTATbits 0094  
                      l20 0092                        l14 0086                        l17 008C  
                      l99 0083                        u67 007E                       l702 0086  
                     l704 0089                       l706 008E                       l750 0074  
                     l752 007A              __CFG_CPD$OFF 0000                       _ISR 001D  
            __CFG_LVP$OFF 0000                      ?_ISR 0070                      i1l39 0073  
                    i1l92 0053                      u1_20 0061                      u1_21 0060  
                    u2_20 006D                      u2_21 006C                      u3_20 0023  
                    u3_21 0022                      u4_20 0030                      u4_21 002F  
                    u5_20 0045                      u5_21 0044              __CFG_WRT$OFF 0000  
                    _main 0074                      btemp 007E                      start 000C  
           __CFG_IESO$OFF 0000               _Canales_ADC 005A                     ??_ISR 0071  
                   ?_main 0070             __CFG_WDTE$OFF 0000                     i1l712 005B  
                   i1l714 0061                     i1l730 001D                     i1l716 0067  
                   i1l740 003C                     i1l732 0023                     i1l718 006D  
                   i1l742 0045                     i1l734 0027                     i1l744 004B  
                   i1l736 0030                     i1l746 0051                     i1l738 0036  
                   i1l748 0052                     _SPBRG 0099            __CFG_FCMEN$OFF 0000  
                   _Pot_1 007B                     _Pot_2 007A          Canales_ADC@Canal 0070  
          __CFG_BOREN$OFF 0000                     pclath 000A                     status 0003  
                   wtemp0 007E            __CFG_MCLRE$OFF 0000           __initialization 000F  
            __end_of_main 0086                    ??_main 0076                _Recibo_SPI 0086  
                  _ADRESH 001E        __size_of_Envio_SPI 0006                    _SSPBUF 0013  
          __CFG_PWRTE$OFF 0000              __pdataCOMMON 007C                    saved_w 007E  
           Envio_SPI@Data 0075   __end_of__initialization 0019            __pcstackCOMMON 0070  
       __end_of_Envio_SPI 0093               ?_Recibo_SPI 0070              ?_Canales_ADC 0070  
              __pmaintext 0074                __pintentry 0004                   _Counter 007C  
     __size_of_Recibo_SPI 0007                   _Sel_pot 0078                   __ptext1 0086  
                 __ptext2 008D                   __ptext3 001D                   __ptext4 005A  
            __size_of_ISR 003D      end_of_initialization 0019                 _RCSTAbits 0018  
               _TRISCbits 0087                 _TXSTAbits 0098      __size_of_Canales_ADC 001A  
           __pidataCOMMON 0093               _BAUDCTLbits 0187              ??_Recibo_SPI 0075  
               _Envio_SPI 008D       start_initialization 000F               __end_of_ISR 005A  
__CFG_FOSC$INTRC_NOCLKOUT 0000        __end_of_Recibo_SPI 008D                ?_Envio_SPI 0070  
             __pbssCOMMON 0078                 ___latbits 0002         interrupt_function 0004  
                _PIE1bits 008C                  _PIR1bits 000C                _ADCON0bits 001F  
              _ADCON1bits 009F               ??_Envio_SPI 0075        Recibo_SPI@Variable 0070  
       __CFG_BOR4V$BOR40V 0000             __size_of_main 0012             ??_Canales_ADC 0070  
              _INTCONbits 000B                  intlevel1 0000       __end_of_Canales_ADC 0074  
              _SSPCONbits 0014  
